"69632","False","3/25/2024 3:30:57 PM","3/30/2023 8:40:12 AM","0","0","Microsoft-Windows-RemoteDesktopServices-RdpCoreTS/Operational","Operational","Application","True","False","O:BAG:SYD:(A;;0x2;;;S-1-15-2-1)(A;;0x2;;;S-1-15-3-1024-3153509613-960666767-3724611135-2725662640-12138253-543910227-1950414635-4190290187)(A;;0xf0007;;;SY)(A;;0x7;;;BA)(A;;0x7;;;SO)(A;;0x3;;;IU)(A;;0x3;;;SU)(A;;0x3;;;S-1-5-3)(A;;0x3;;;S-1-5-33)(A;;0x1;;;S-1-5-32-573)","%SystemRoot%\System32\Winevt\Logs\Microsoft-Windows-RemoteDesktopServices-RdpCoreTS%4Operational.evtx","1052672","Circular","Microsoft-Windows-RemoteDesktopServices-RdpCoreTS","System.String[]",,,"64","0","64","1000",
"69632","False","3/25/2024 3:30:57 PM","3/30/2023 8:40:12 AM","0","0","Microsoft-Windows-RemoteDesktopServices-RdpCoreTS/Admin","Administrative","Application","True","False","O:BAG:SYD:(A;;0x2;;;S-1-15-2-1)(A;;0x2;;;S-1-15-3-1024-3153509613-960666767-3724611135-2725662640-12138253-543910227-1950414635-4190290187)(A;;0xf0007;;;SY)(A;;0x7;;;BA)(A;;0x7;;;SO)(A;;0x3;;;IU)(A;;0x3;;;SU)(A;;0x3;;;S-1-5-3)(A;;0x3;;;S-1-5-33)(A;;0x1;;;S-1-5-32-573)","%SystemRoot%\System32\Winevt\Logs\Microsoft-Windows-RemoteDesktopServices-RdpCoreTS%4Admin.evtx","1052672","Circular","Microsoft-Windows-RemoteDesktopServices-RdpCoreTS","System.String[]",,,"64","0","64","1000",
"69632","False","3/25/2024 3:30:57 PM","3/30/2023 8:40:12 AM","0","0","Microsoft-Windows-RemoteAssistance/Operational","Operational","Application","True","False","O:BAG:SYD:(A;;0x2;;;S-1-15-2-1)(A;;0x2;;;S-1-15-3-1024-3153509613-960666767-3724611135-2725662640-12138253-543910227-1950414635-4190290187)(A;;0xf0007;;;SY)(A;;0x7;;;BA)(A;;0x7;;;SO)(A;;0x3;;;IU)(A;;0x3;;;SU)(A;;0x3;;;S-1-5-3)(A;;0x3;;;S-1-5-33)(A;;0x1;;;S-1-5-32-573)","%SystemRoot%\System32\Winevt\Logs\Microsoft-Windows-RemoteAssistance%4Operational.evtx","1052672","Circular","Microsoft-Windows-RemoteAssistance","System.String[]",,,"64","0","64","1000",
"69632","False","3/25/2024 3:30:57 PM","3/30/2023 8:40:12 AM","0","0","Microsoft-Windows-RemoteAssistance/Admin","Administrative","Application","True","False","O:BAG:SYD:(A;;0x2;;;S-1-15-2-1)(A;;0x2;;;S-1-15-3-1024-3153509613-960666767-3724611135-2725662640-12138253-543910227-1950414635-4190290187)(A;;0xf0007;;;SY)(A;;0x7;;;BA)(A;;0x7;;;SO)(A;;0x3;;;IU)(A;;0x3;;;SU)(A;;0x3;;;S-1-5-3)(A;;0x3;;;S-1-5-33)(A;;0x1;;;S-1-5-32-573)","%SystemRoot%\System32\Winevt\Logs\Microsoft-Windows-RemoteAssistance%4Admin.evtx","1052672","Circular","Microsoft-Windows-RemoteAssistance","System.String[]",,,"64","0","64","1000",
"69632","False","3/25/2024 3:30:57 PM","3/30/2023 8:40:12 AM","0","0","Microsoft-Windows-RemoteApp and Desktop Connections/Operational","Operational","Application","True","False","O:BAG:SYD:(A;;0x2;;;S-1-15-2-1)(A;;0x2;;;S-1-15-3-1024-3153509613-960666767-3724611135-2725662640-12138253-543910227-1950414635-4190290187)(A;;0xf0007;;;SY)(A;;0x7;;;BA)(A;;0x7;;;SO)(A;;0x3;;;IU)(A;;0x3;;;SU)(A;;0x3;;;S-1-5-3)(A;;0x3;;;S-1-5-33)(A;;0x1;;;S-1-5-32-573)","%SystemRoot%\System32\Winevt\Logs\Microsoft-Windows-RemoteApp and Desktop Connections%4Operational.evtx","1052672","Circular","Microsoft-Windows-RemoteApp and Desktop Connections","System.String[]",,,"64","0","64","1000",
"69632","False","3/25/2024 3:30:57 PM","3/30/2023 8:40:12 AM","0","0","Microsoft-Windows-RemoteApp and Desktop Connections/Admin","Administrative","Application","True","False","O:BAG:SYD:(A;;0x2;;;S-1-15-2-1)(A;;0x2;;;S-1-15-3-1024-3153509613-960666767-3724611135-2725662640-12138253-543910227-1950414635-4190290187)(A;;0xf0007;;;SY)(A;;0x7;;;BA)(A;;0x7;;;SO)(A;;0x3;;;IU)(A;;0x3;;;SU)(A;;0x3;;;S-1-5-3)(A;;0x3;;;S-1-5-33)(A;;0x1;;;S-1-5-32-573)","%SystemRoot%\System32\Winevt\Logs\Microsoft-Windows-RemoteApp and Desktop Connections%4Admin.evtx","1052672","Circular","Microsoft-Windows-RemoteApp and Desktop Connections","System.String[]",,,"64","0","64","1000",
"69632","False","3/25/2024 3:30:57 PM","3/30/2023 8:40:12 AM","0","0","Microsoft-Windows-Regsvr32/Operational","Operational","Application","True","False","O:BAG:SYD:(A;;0x2;;;S-1-15-2-1)(A;;0x2;;;S-1-15-3-1024-3153509613-960666767-3724611135-2725662640-12138253-543910227-1950414635-4190290187)(A;;0xf0007;;;SY)(A;;0x7;;;BA)(A;;0x7;;;SO)(A;;0x3;;;IU)(A;;0x3;;;SU)(A;;0x3;;;S-1-5-3)(A;;0x3;;;S-1-5-33)(A;;0x1;;;S-1-5-32-573)","%SystemRoot%\System32\Winevt\Logs\Microsoft-Windows-Regsvr32%4Operational.evtx","1052672","Circular","Microsoft-Windows-Build-RegDll","System.String[]",,,"64","0","64","1000",
"69632","False","3/25/2024 3:30:57 PM","3/30/2023 8:40:12 AM","0","0","Microsoft-Windows-ReFS/Operational","Operational","System","True","False","O:BAG:SYD:(A;;0xf0007;;;SY)(A;;0x7;;;BA)(A;;0x3;;;BO)(A;;0x5;;;SO)(A;;0x1;;;IU)(A;;0x3;;;SU)(A;;0x1;;;S-1-5-3)(A;;0x2;;;S-1-5-33)(A;;0x1;;;S-1-5-32-573)","%SystemRoot%\System32\Winevt\Logs\Microsoft-Windows-ReFS%4Operational.evtx","33554432","Circular","Microsoft-Windows-ReFS","System.String[]",,,"64","0","16","1000",
"69632","False","3/25/2024 3:30:57 PM","3/30/2023 8:40:12 AM","0","0","Microsoft-Windows-ReadyBoostDriver/Operational","Operational","System","True","False","O:BAG:SYD:(A;;0xf0007;;;SY)(A;;0x7;;;BA)(A;;0x3;;;BO)(A;;0x5;;;SO)(A;;0x1;;;IU)(A;;0x3;;;SU)(A;;0x1;;;S-1-5-3)(A;;0x2;;;S-1-5-33)(A;;0x1;;;S-1-5-32-573)","%SystemRoot%\System32\Winevt\Logs\Microsoft-Windows-ReadyBoostDriver%4Operational.evtx","1052672","Circular","Microsoft-Windows-ReadyBoostDriver","System.String[]",,,"64","0","16","1000",
"69632","False","3/25/2024 3:30:57 PM","3/25/2024 12:28:22 PM","1","82","Microsoft-Windows-ReadyBoost/Operational","Operational","Application","True","False","O:BAG:SYD:(A;;0x2;;;S-1-15-2-1)(A;;0x2;;;S-1-15-3-1024-3153509613-960666767-3724611135-2725662640-12138253-543910227-1950414635-4190290187)(A;;0xf0007;;;SY)(A;;0x7;;;BA)(A;;0x7;;;SO)(A;;0x3;;;IU)(A;;0x3;;;SU)(A;;0x3;;;S-1-5-3)(A;;0x3;;;S-1-5-33)(A;;0x1;;;S-1-5-32-573)","%SystemRoot%\System32\Winevt\Logs\Microsoft-Windows-ReadyBoost%4Operational.evtx","1052672","Circular","Microsoft-Windows-ReadyBoost","System.String[]",,,"64","0","64","1000",
,,,,,,"Microsoft-Windows-RasAgileVpn/Operational","Operational","Application","False","False","O:BAG:SYD:(A;;0x2;;;S-1-15-2-1)(A;;0x2;;;S-1-15-3-1024-3153509613-960666767-3724611135-2725662640-12138253-543910227-1950414635-4190290187)(A;;0xf0007;;;SY)(A;;0x7;;;BA)(A;;0x7;;;SO)(A;;0x3;;;IU)(A;;0x3;;;SU)(A;;0x3;;;S-1-5-3)(A;;0x3;;;S-1-5-33)(A;;0x1;;;S-1-5-32-573)","%SystemRoot%\System32\Winevt\Logs\Microsoft-Windows-RasAgileVpn%4Operational.evtx","1052672","Circular","Microsoft-Windows-Ras-AgileVpn","System.String[]",,,"64","0","64","1000",
"1052672","False","3/25/2024 3:29:33 PM","3/25/2024 3:26:33 PM","78136","1619","Microsoft-Windows-PushNotification-Platform/Operational","Operational","Application","True","False","O:BAG:SYD:(A;;0x2;;;S-1-15-2-1)(A;;0x2;;;S-1-15-3-1024-3153509613-960666767-3724611135-2725662640-12138253-543910227-1950414635-4190290187)(A;;0xf0007;;;SY)(A;;0x7;;;BA)(A;;0x7;;;SO)(A;;0x3;;;IU)(A;;0x3;;;SU)(A;;0x3;;;S-1-5-3)(A;;0x3;;;S-1-5-33)(A;;0x1;;;S-1-5-32-573)","%SystemRoot%\System32\Winevt\Logs\Microsoft-Windows-PushNotification-Platform%4Operational.evtx","1052672","Circular","Microsoft-Windows-PushNotifications-Platform","System.String[]",,,"64","0","64","1000",
"69632","False","3/25/2024 3:30:57 PM","3/30/2023 8:40:12 AM","0","0","Microsoft-Windows-PushNotification-Platform/Admin","Administrative","Application","True","False","O:BAG:SYD:(A;;0x2;;;S-1-15-2-1)(A;;0x2;;;S-1-15-3-1024-3153509613-960666767-3724611135-2725662640-12138253-543910227-1950414635-4190290187)(A;;0xf0007;;;SY)(A;;0x7;;;BA)(A;;0x7;;;SO)(A;;0x3;;;IU)(A;;0x3;;;SU)(A;;0x3;;;S-1-5-3)(A;;0x3;;;S-1-5-33)(A;;0x1;;;S-1-5-32-573)","%SystemRoot%\System32\Winevt\Logs\Microsoft-Windows-PushNotification-Platform%4Admin.evtx","1052672","Circular","Microsoft-Windows-PushNotifications-Platform","System.String[]",,,"64","0","64","1000",
,,,,,,"Microsoft-Windows-Proximity-Common/Diagnostic","Operational","Application","False","False","O:BAG:SYD:(A;;0x2;;;S-1-15-2-1)(A;;0x2;;;S-1-15-3-1024-3153509613-960666767-3724611135-2725662640-12138253-543910227-1950414635-4190290187)(A;;0xf0007;;;SY)(A;;0x7;;;BA)(A;;0x7;;;SO)(A;;0x3;;;IU)(A;;0x3;;;SU)(A;;0x3;;;S-1-5-3)(A;;0x3;;;S-1-5-33)(A;;0x1;;;S-1-5-32-573)","%SystemRoot%\System32\Winevt\Logs\Microsoft-Windows-Proximity-Common%4Diagnostic.evtx","1052672","Circular","Microsoft-Windows-Proximity-Common","System.String[]",,,"64","0","64","1000",
"69632","False","3/25/2024 3:30:57 PM","3/30/2023 8:40:12 AM","0","0","Microsoft-Windows-Provisioning-Diagnostics-Provider/ManagementService","Administrative","Application","True","False","O:BAG:SYD:(A;;0x2;;;S-1-15-2-1)(A;;0x2;;;S-1-15-3-1024-3153509613-960666767-3724611135-2725662640-12138253-543910227-1950414635-4190290187)(A;;0xf0007;;;SY)(A;;0x7;;;BA)(A;;0x7;;;SO)(A;;0x3;;;IU)(A;;0x3;;;SU)(A;;0x3;;;S-1-5-3)(A;;0x3;;;S-1-5-33)(A;;0x1;;;S-1-5-32-573)","%SystemRoot%\System32\Winevt\Logs\Microsoft-Windows-Provisioning-Diagnostics-Provider%4ManagementService.evtx","1052672","Circular","Microsoft-Windows-Provisioning-Diagnostics-Provider","System.String[]",,,"64","0","64","1000",
"69632","False","3/25/2024 3:30:57 PM","3/30/2023 8:40:12 AM","0","0","Microsoft-Windows-Provisioning-Diagnostics-Provider/AutoPilot","Administrative","Application","True","False","O:BAG:SYD:(A;;0x2;;;S-1-15-2-1)(A;;0x2;;;S-1-15-3-1024-3153509613-960666767-3724611135-2725662640-12138253-543910227-1950414635-4190290187)(A;;0xf0007;;;SY)(A;;0x7;;;BA)(A;;0x7;;;SO)(A;;0x3;;;IU)(A;;0x3;;;SU)(A;;0x3;;;S-1-5-3)(A;;0x3;;;S-1-5-33)(A;;0x1;;;S-1-5-32-573)","%SystemRoot%\System32\Winevt\Logs\Microsoft-Windows-Provisioning-Diagnostics-Provider%4AutoPilot.evtx","1052672","Circular","Microsoft-Windows-Provisioning-Diagnostics-Provider","System.String[]",,,"64","0","64","1000",
"1052672","False","3/25/2024 2:48:58 PM","3/25/2024 2:48:58 PM","81","1541","Microsoft-Windows-Provisioning-Diagnostics-Provider/Admin","Administrative","Application","True","False","O:BAG:SYD:(A;;0x2;;;S-1-15-2-1)(A;;0x2;;;S-1-15-3-1024-3153509613-960666767-3724611135-2725662640-12138253-543910227-1950414635-4190290187)(A;;0xf0007;;;SY)(A;;0x7;;;BA)(A;;0x7;;;SO)(A;;0x3;;;IU)(A;;0x3;;;SU)(A;;0x3;;;S-1-5-3)(A;;0x3;;;S-1-5-33)(A;;0x1;;;S-1-5-32-573)","%SystemRoot%\System32\Winevt\Logs\Microsoft-Windows-Provisioning-Diagnostics-Provider%4Admin.evtx","1052672","Circular","Microsoft-Windows-Provisioning-Diagnostics-Provider","System.String[]",,,"64","0","64","1000",
"69632","False","3/25/2024 3:30:57 PM","3/30/2023 8:40:12 AM","0","0","Microsoft-Windows-Program-Compatibility-Assistant/CompatAfterUpgrade","Operational","System","True","False","O:BAG:SYD:(A;;0xf0007;;;SY)(A;;0x7;;;BA)(A;;0x3;;;BO)(A;;0x5;;;SO)(A;;0x1;;;IU)(A;;0x3;;;SU)(A;;0x1;;;S-1-5-3)(A;;0x2;;;S-1-5-33)(A;;0x1;;;S-1-5-32-573)","%SystemRoot%\System32\Winevt\Logs\Microsoft-Windows-Program-Compatibility-Assistant%4CompatAfterUpgrade.evtx","1052672","Circular","Microsoft-Windows-Program-Compatibility-Assistant","System.String[]",,,"64","0","16","1000",
,,,,,,"Microsoft-Windows-Program-Compatibility-Assistant/Analytic","Operational","System","False","False","O:BAG:SYD:(A;;0xf0007;;;SY)(A;;0x7;;;BA)(A;;0x3;;;BO)(A;;0x5;;;SO)(A;;0x1;;;IU)(A;;0x3;;;SU)(A;;0x1;;;S-1-5-3)(A;;0x2;;;S-1-5-33)(A;;0x1;;;S-1-5-32-573)","%SystemRoot%\System32\Winevt\Logs\Microsoft-Windows-Program-Compatibility-Assistant%4Analytic.evtx","1052672","Circular","Microsoft-Windows-Program-Compatibility-Assistant","System.String[]",,,"64","0","16","1000",
"1118208","False","3/25/2024 1:15:28 PM","2/7/2024 6:42:21 PM","1","236","Microsoft-Windows-Privacy-Auditing/Operational","Operational","Application","True","False","O:BAG:BAD:(A;;0x5;;;BA)","%SystemRoot%\System32\Winevt\Logs\Microsoft-Windows-Privacy-Auditing%4Operational.evtx","104857600","Retain","Microsoft-Windows-Privacy-Auditing","System.String[]",,,"64","0","64","1000",
,,,,,,"Microsoft-Windows-Privacy-Auditing-PermissiveLearningMode/Operational","Operational","Application","False","False","O:BAG:SYD:(A;;0x2;;;S-1-15-2-1)(A;;0x2;;;S-1-15-3-1024-3153509613-960666767-3724611135-2725662640-12138253-543910227-1950414635-4190290187)(A;;0xf0007;;;SY)(A;;0x7;;;BA)(A;;0x7;;;SO)(A;;0x3;;;IU)(A;;0x3;;;SU)(A;;0x3;;;S-1-5-3)(A;;0x3;;;S-1-5-33)(A;;0x1;;;S-1-5-32-573)","%SystemRoot%\System32\Winevt\Logs\Microsoft-Windows-Privacy-Auditing-PermissiveLearningMode%4Operational.evtx","1052672","Circular","Microsoft-Windows-Privacy-Auditing-PermissiveLearningMode","System.String[]",,,"64","0","64","1000",
,,,,,,"Microsoft-Windows-PrintService/Operational","Operational","Application","False","False","O:BAG:SYD:(A;;0x2;;;S-1-15-2-1)(A;;0x2;;;S-1-15-3-1024-3153509613-960666767-3724611135-2725662640-12138253-543910227-1950414635-4190290187)(A;;0xf0007;;;SY)(A;;0x7;;;BA)(A;;0x7;;;SO)(A;;0x3;;;IU)(A;;0x3;;;SU)(A;;0x3;;;S-1-5-3)(A;;0x3;;;S-1-5-33)(A;;0x1;;;S-1-5-32-573)","%SystemRoot%\System32\Winevt\Logs\Microsoft-Windows-PrintService%4Operational.evtx","1052672","Circular","Microsoft-Windows-PrintService","System.String[]",,,"64","0","64","1000",
"69632","False","3/25/2024 3:30:57 PM","3/30/2023 8:40:12 AM","0","0","Microsoft-Windows-PrintService/Admin","Administrative","Application","True","False","O:BAG:SYD:(A;;0x2;;;S-1-15-2-1)(A;;0x2;;;S-1-15-3-1024-3153509613-960666767-3724611135-2725662640-12138253-543910227-1950414635-4190290187)(A;;0xf0007;;;SY)(A;;0x7;;;BA)(A;;0x7;;;SO)(A;;0x3;;;IU)(A;;0x3;;;SU)(A;;0x3;;;S-1-5-3)(A;;0x3;;;S-1-5-33)(A;;0x1;;;S-1-5-32-573)","%SystemRoot%\System32\Winevt\Logs\Microsoft-Windows-PrintService%4Admin.evtx","1052672","Circular","Microsoft-Windows-PrintService","System.String[]",,,"64","0","64","1000",
"13701120","False","3/25/2024 3:31:18 PM","3/25/2024 3:31:18 PM","1","1423","Microsoft-Windows-PowerShell/Operational","Operational","Application","True","False","O:BAG:SYD:(A;;0x2;;;S-1-15-2-1)(A;;0x2;;;S-1-15-3-1024-3153509613-960666767-3724611135-2725662640-12138253-543910227-1950414635-4190290187)(A;;0xf0007;;;SY)(A;;0x7;;;BA)(A;;0x7;;;SO)(A;;0x3;;;IU)(A;;0x3;;;SU)(A;;0x3;;;S-1-5-3)(A;;0x3;;;S-1-5-33)(A;;0x1;;;S-1-5-32-573)","%SystemRoot%\System32\Winevt\Logs\Microsoft-Windows-PowerShell%4Operational.evtx","15728640","Circular","Microsoft-Windows-PowerShell","System.String[]",,,"64","0","64","1000",
"69632","False","3/25/2024 3:30:57 PM","3/30/2023 8:40:12 AM","0","0","Microsoft-Windows-PowerShell/Admin","Administrative","Application","True","False","O:BAG:SYD:(A;;0x2;;;S-1-15-2-1)(A;;0x2;;;S-1-15-3-1024-3153509613-960666767-3724611135-2725662640-12138253-543910227-1950414635-4190290187)(A;;0xf0007;;;SY)(A;;0x7;;;BA)(A;;0x7;;;SO)(A;;0x3;;;IU)(A;;0x3;;;SU)(A;;0x3;;;S-1-5-3)(A;;0x3;;;S-1-5-33)(A;;0x1;;;S-1-5-32-573)","%SystemRoot%\System32\Winevt\Logs\Microsoft-Windows-PowerShell%4Admin.evtx","1048985600","Retain","Microsoft-Windows-PowerShell","System.String[]",,,"64","0","64","1000",
"69632","False","3/25/2024 3:30:57 PM","3/30/2023 8:40:12 AM","0","0","Microsoft-Windows-PowerShell-DesiredStateConfiguration-FileDownloadManager/Operational","Operational","Application","True","False","O:BAG:SYD:(A;;0x2;;;S-1-15-2-1)(A;;0x2;;;S-1-15-3-1024-3153509613-960666767-3724611135-2725662640-12138253-543910227-1950414635-4190290187)(A;;0xf0007;;;SY)(A;;0x7;;;BA)(A;;0x7;;;SO)(A;;0x3;;;IU)(A;;0x3;;;SU)(A;;0x3;;;S-1-5-3)(A;;0x3;;;S-1-5-33)(A;;0x1;;;S-1-5-32-573)","%SystemRoot%\System32\Winevt\Logs\Microsoft-Windows-PowerShell-DesiredStateConfiguration-FileDownloadManager%4Operational.evtx","1052672","Circular","Microsoft-Windows-PowerShell-DesiredStateConfiguration-FileDownloadManager","System.String[]",,,"64","0","64","1000",
"69632","False","3/25/2024 3:30:57 PM","3/30/2023 8:40:12 AM","0","0","Microsoft-Windows-Policy/Operational","Operational","System","True","False","O:BAG:SYD:(A;;0xf0007;;;SY)(A;;0x7;;;BA)(A;;0x3;;;BO)(A;;0x5;;;SO)(A;;0x1;;;IU)(A;;0x3;;;SU)(A;;0x1;;;S-1-5-3)(A;;0x2;;;S-1-5-33)(A;;0x1;;;S-1-5-32-573)","%SystemRoot%\System32\Winevt\Logs\Microsoft-Windows-Policy%4Operational.evtx","1052672","Circular","Microsoft-Windows-EQoS","System.String[]",,,"64","0","16","1000",
"69632","False","3/25/2024 3:30:57 PM","3/30/2023 8:40:12 AM","0","0","Microsoft-Windows-PersistentMemory-ScmBus/Operational","Operational","System","True","False","O:BAG:SYD:(A;;0xf0007;;;SY)(A;;0x7;;;BA)(A;;0x3;;;BO)(A;;0x5;;;SO)(A;;0x1;;;IU)(A;;0x3;;;SU)(A;;0x1;;;S-1-5-3)(A;;0x2;;;S-1-5-33)(A;;0x1;;;S-1-5-32-573)","%SystemRoot%\System32\Winevt\Logs\Microsoft-Windows-PersistentMemory-ScmBus%4Operational.evtx","6291456","Circular","Microsoft-Windows-PersistentMemory-ScmBus","System.String[]",,,"64","0","16","1000",
"69632","False","3/25/2024 3:30:57 PM","3/30/2023 8:40:12 AM","0","0","Microsoft-Windows-PersistentMemory-ScmBus/Certification","Operational","System","True","False","O:BAG:SYD:(A;;0xf0007;;;SY)(A;;0x7;;;BA)(A;;0x3;;;BO)(A;;0x5;;;SO)(A;;0x1;;;IU)(A;;0x3;;;SU)(A;;0x1;;;S-1-5-3)(A;;0x2;;;S-1-5-33)(A;;0x1;;;S-1-5-32-573)","%SystemRoot%\System32\Winevt\Logs\Microsoft-Windows-PersistentMemory-ScmBus%4Certification.evtx","1052672","Circular","Microsoft-Windows-PersistentMemory-ScmBus","System.String[]",,,"64","0","16","1000",
"69632","False","3/25/2024 3:30:57 PM","3/30/2023 8:40:12 AM","0","0","Microsoft-Windows-PersistentMemory-PmemDisk/Operational","Operational","System","True","False","O:BAG:SYD:(A;;0xf0007;;;SY)(A;;0x7;;;BA)(A;;0x3;;;BO)(A;;0x5;;;SO)(A;;0x1;;;IU)(A;;0x3;;;SU)(A;;0x1;;;S-1-5-3)(A;;0x2;;;S-1-5-33)(A;;0x1;;;S-1-5-32-573)","%SystemRoot%\System32\Winevt\Logs\Microsoft-Windows-PersistentMemory-PmemDisk%4Operational.evtx","6291456","Circular","Microsoft-Windows-PersistentMemory-PmemDisk","System.String[]",,,"64","0","16","1000",
"69632","False","3/25/2024 3:30:57 PM","3/30/2023 8:40:12 AM","0","0","Microsoft-Windows-PersistentMemory-Nvdimm/Operational","Operational","System","True","False","O:BAG:SYD:(A;;0xf0007;;;SY)(A;;0x7;;;BA)(A;;0x3;;;BO)(A;;0x5;;;SO)(A;;0x1;;;IU)(A;;0x3;;;SU)(A;;0x1;;;S-1-5-3)(A;;0x2;;;S-1-5-33)(A;;0x1;;;S-1-5-32-573)","%SystemRoot%\System32\Winevt\Logs\Microsoft-Windows-PersistentMemory-Nvdimm%4Operational.evtx","6291456","Circular","Microsoft-Windows-PersistentMemory-Nvdimm","System.String[]",,,"64","0","16","1000",
"1052672","False","3/25/2024 1:20:08 PM","3/25/2024 1:20:08 PM","620","1933","Microsoft-Windows-Perflib/Operational","Operational","Application","True","False","O:BAG:SYD:(A;;0x2;;;S-1-15-2-1)(A;;0x2;;;S-1-15-3-1024-3153509613-960666767-3724611135-2725662640-12138253-543910227-1950414635-4190290187)(A;;0xf0007;;;SY)(A;;0x7;;;BA)(A;;0x7;;;SO)(A;;0x3;;;IU)(A;;0x3;;;SU)(A;;0x3;;;S-1-5-3)(A;;0x3;;;S-1-5-33)(A;;0x1;;;S-1-5-32-573)","%SystemRoot%\System32\Winevt\Logs\Microsoft-Windows-Perflib%4Operational.evtx","1052672","Circular","Microsoft-Windows-Perflib","System.String[]",,,"64","0","64","1000",
"69632","False","3/25/2024 3:30:57 PM","3/30/2023 8:40:12 AM","0","0","Microsoft-Windows-PerceptionSensorDataService/Operational","Operational","Application","True","False","O:BAG:SYD:(A;;0x2;;;S-1-15-2-1)(A;;0x2;;;S-1-15-3-1024-3153509613-960666767-3724611135-2725662640-12138253-543910227-1950414635-4190290187)(A;;0xf0007;;;SY)(A;;0x7;;;BA)(A;;0x7;;;SO)(A;;0x3;;;IU)(A;;0x3;;;SU)(A;;0x3;;;S-1-5-3)(A;;0x3;;;S-1-5-33)(A;;0x1;;;S-1-5-32-573)","%SystemRoot%\System32\Winevt\Logs\Microsoft-Windows-PerceptionSensorDataService%4Operational.evtx","1052672","Circular","Microsoft-Windows-PerceptionSensorDataService","System.String[]",,,"64","0","64","1000",
"69632","False","3/25/2024 3:30:57 PM","3/30/2023 8:40:12 AM","0","0","Microsoft-Windows-PerceptionRuntime/Operational","Operational","Application","True","False","O:BAG:SYD:(A;;0x2;;;S-1-15-2-1)(A;;0x2;;;S-1-15-3-1024-3153509613-960666767-3724611135-2725662640-12138253-543910227-1950414635-4190290187)(A;;0xf0007;;;SY)(A;;0x7;;;BA)(A;;0x7;;;SO)(A;;0x3;;;IU)(A;;0x3;;;SU)(A;;0x3;;;S-1-5-3)(A;;0x3;;;S-1-5-33)(A;;0x1;;;S-1-5-32-573)","%SystemRoot%\System32\Winevt\Logs\Microsoft-Windows-PerceptionRuntime%4Operational.evtx","1052672","Circular","Microsoft-Windows-PerceptionRuntime","System.String[]",,,"64","0","64","1000",
"1118208","False","3/25/2024 1:12:26 PM","3/25/2024 12:23:22 PM","1","89","Microsoft-Windows-Partition/Diagnostic","Operational","System","True","False","O:BAG:SYD:(A;;0xf0007;;;SY)(A;;0x7;;;BA)(A;;0x3;;;BO)(A;;0x5;;;SO)(A;;0x1;;;IU)(A;;0x3;;;SU)(A;;0x1;;;S-1-5-3)(A;;0x2;;;S-1-5-33)(A;;0x1;;;S-1-5-32-573)","%SystemRoot%\System32\Winevt\Logs\Microsoft-Windows-Partition%4Diagnostic.evtx","16777216","Circular","Microsoft-Windows-Partition","System.String[]",,,"64","0","16","1000",
"69632","False","3/25/2024 3:30:57 PM","3/30/2023 8:40:12 AM","0","0","Microsoft-Windows-ParentalControls/Operational","Operational","Application","True","False","O:BAG:SYD:(A;;0xf0007;;;SY)(A;;0x7;;;BA)(A;;0x2;;;AU)(A;;0x2;;;LS)","%SystemRoot%\System32\Winevt\Logs\Microsoft-Windows-ParentalControls%4Operational.evtx","1052672","Circular","Microsoft-Windows-ParentalControls","System.String[]",,,"64","0","64","1000",
,,,,,,"Microsoft-Windows-OtpCredentialProvider/Operational","Operational","Application","False","False","O:BAG:SYD:(A;;0x2;;;S-1-15-2-1)(A;;0x2;;;S-1-15-3-1024-3153509613-960666767-3724611135-2725662640-12138253-543910227-1950414635-4190290187)(A;;0xf0007;;;SY)(A;;0x7;;;BA)(A;;0x7;;;SO)(A;;0x3;;;IU)(A;;0x3;;;SU)(A;;0x3;;;S-1-5-3)(A;;0x3;;;S-1-5-33)(A;;0x1;;;S-1-5-32-573)","%SystemRoot%\System32\Winevt\Logs\Microsoft-Windows-OtpCredentialProvider%4Operational.evtx","1052672","Circular","Microsoft-Windows-OtpCredentialProviderEvt","System.String[]",,,"64","0","64","1000",
"69632","False","3/25/2024 3:30:57 PM","3/30/2023 8:40:12 AM","0","0","Microsoft-Windows-OOBE-Machine-DUI/Operational","Operational","Application","True","False","O:BAG:SYD:(A;;0x2;;;S-1-15-2-1)(A;;0x2;;;S-1-15-3-1024-3153509613-960666767-3724611135-2725662640-12138253-543910227-1950414635-4190290187)(A;;0xf0007;;;SY)(A;;0x7;;;BA)(A;;0x7;;;SO)(A;;0x3;;;IU)(A;;0x3;;;SU)(A;;0x3;;;S-1-5-3)(A;;0x3;;;S-1-5-33)(A;;0x1;;;S-1-5-32-573)","%SystemRoot%\System32\Winevt\Logs\Microsoft-Windows-OOBE-Machine-DUI%4Operational.evtx","1052672","Circular","Microsoft-Windows-OOBE-Machine-DUI","System.String[]",,,"64","0","64","1000",
,,,,,,"Microsoft-Windows-OneX/Operational","Operational","Application","False","False","O:BAG:SYD:(A;;0x2;;;S-1-15-2-1)(A;;0x2;;;S-1-15-3-1024-3153509613-960666767-3724611135-2725662640-12138253-543910227-1950414635-4190290187)(A;;0xf0007;;;SY)(A;;0x7;;;BA)(A;;0x7;;;SO)(A;;0x3;;;IU)(A;;0x3;;;SU)(A;;0x3;;;S-1-5-3)(A;;0x3;;;S-1-5-33)(A;;0x1;;;S-1-5-32-573)","%SystemRoot%\System32\Winevt\Logs\Microsoft-Windows-OneX%4Operational.evtx","1052672","Circular","Microsoft-Windows-OneX","System.String[]",,,"64","0","64","1000",
"69632","False","3/25/2024 3:30:57 PM","3/30/2023 8:40:12 AM","0","0","Microsoft-Windows-OneBackup/Debug","Operational","Application","True","False","O:BAG:SYD:(A;;0x2;;;S-1-15-2-1)(A;;0x2;;;S-1-15-3-1024-3153509613-960666767-3724611135-2725662640-12138253-543910227-1950414635-4190290187)(A;;0xf0007;;;SY)(A;;0x7;;;BA)(A;;0x7;;;SO)(A;;0x3;;;IU)(A;;0x3;;;SU)(A;;0x3;;;S-1-5-3)(A;;0x3;;;S-1-5-33)(A;;0x1;;;S-1-5-32-573)","%SystemRoot%\System32\Winevt\Logs\Microsoft-Windows-OneBackup%4Debug.evtx","1052672","Circular","Microsoft-Windows-OneBackup","System.String[]",,,"64","0","64","1000",
"69632","False","3/25/2024 3:30:57 PM","3/30/2023 8:40:12 AM","0","0","Microsoft-Windows-NTLM/Operational","Operational","System","True","False","O:BAG:SYD:(A;;0xf0007;;;SY)(A;;0x7;;;BA)(A;;0x3;;;BO)(A;;0x5;;;SO)(A;;0x1;;;IU)(A;;0x3;;;SU)(A;;0x1;;;S-1-5-3)(A;;0x2;;;S-1-5-33)(A;;0x1;;;S-1-5-32-573)","%SystemRoot%\System32\Winevt\Logs\Microsoft-Windows-NTLM%4Operational.evtx","1052672","Circular","Microsoft-Windows-NTLM","System.String[]",,,"64","0","16","1000",
"69632","False","3/25/2024 3:30:57 PM","3/25/2024 12:23:22 PM","1","89","Microsoft-Windows-Ntfs/WHC","Operational","System","True","False","O:BAG:SYD:(A;;0xf0007;;;SY)(A;;0x7;;;BA)(A;;0x3;;;BO)(A;;0x5;;;SO)(A;;0x1;;;IU)(A;;0x3;;;SU)(A;;0x1;;;S-1-5-3)(A;;0x2;;;S-1-5-33)(A;;0x1;;;S-1-5-32-573)","%SystemRoot%\System32\Winevt\Logs\Microsoft-Windows-Ntfs%4WHC.evtx","1052672","Circular","Microsoft-Windows-Ntfs","System.String[]",,,"64","0","16","1000",
"33558528","False","3/25/2024 3:29:33 PM","3/25/2024 3:27:14 PM","4555","15447","Microsoft-Windows-Ntfs/Operational","Operational","System","True","False","O:BAG:SYD:(A;;0xf0007;;;SY)(A;;0x7;;;BA)(A;;0x3;;;BO)(A;;0x5;;;SO)(A;;0x1;;;IU)(A;;0x3;;;SU)(A;;0x1;;;S-1-5-3)(A;;0x2;;;S-1-5-33)(A;;0x1;;;S-1-5-32-573)","%SystemRoot%\System32\Winevt\Logs\Microsoft-Windows-Ntfs%4Operational.evtx","33554432","Circular","Microsoft-Windows-Ntfs","System.String[]",,,"64","0","16","1000",
"69632","False","3/25/2024 3:30:57 PM","1/11/2024 2:44:25 AM","1","108","Microsoft-Windows-NlaSvc/Operational","Operational","Application","True","False","O:BAG:SYD:(A;;0x2;;;S-1-15-2-1)(A;;0x2;;;S-1-15-3-1024-3153509613-960666767-3724611135-2725662640-12138253-543910227-1950414635-4190290187)(A;;0xf0007;;;SY)(A;;0x7;;;BA)(A;;0x7;;;SO)(A;;0x3;;;IU)(A;;0x3;;;SU)(A;;0x3;;;S-1-5-3)(A;;0x3;;;S-1-5-33)(A;;0x1;;;S-1-5-32-573)","%SystemRoot%\System32\Winevt\Logs\Microsoft-Windows-NlaSvc%4Operational.evtx","1052672","Circular","Microsoft-Windows-NlaSvc","System.String[]",,,"64","0","64","1000",
"69632","False","3/25/2024 3:30:57 PM","3/30/2023 8:40:12 AM","0","0","Microsoft-Windows-NetworkProvisioning/Operational","Operational","Application","True","False","O:BAG:SYD:(A;;0x2;;;S-1-15-2-1)(A;;0x2;;;S-1-15-3-1024-3153509613-960666767-3724611135-2725662640-12138253-543910227-1950414635-4190290187)(A;;0xf0007;;;SY)(A;;0x7;;;BA)(A;;0x7;;;SO)(A;;0x3;;;IU)(A;;0x3;;;SU)(A;;0x3;;;S-1-5-3)(A;;0x3;;;S-1-5-33)(A;;0x1;;;S-1-5-32-573)","%SystemRoot%\System32\Winevt\Logs\Microsoft-Windows-NetworkProvisioning%4Operational.evtx","1052672","Circular","Microsoft-Windows-NetworkProvisioning","System.String[]",,,"64","0","64","1000",
"69632","False","3/25/2024 3:30:57 PM","3/30/2023 8:40:12 AM","0","0","Microsoft-Windows-NetworkProvider/Operational","Operational","System","True","False","O:BAG:SYD:(A;;0x5;;;BA)","%SystemRoot%\System32\Winevt\Logs\Microsoft-Windows-NetworkProvider%4Operational.evtx","1052672","Circular","Microsoft-Windows-NetworkProvider","System.String[]",,,"64","0","16","1000",
"1052672","False","3/25/2024 3:26:30 PM","3/25/2024 3:26:30 PM","5515","2155","Microsoft-Windows-NetworkProfile/Operational","Operational","Application","True","False","O:BAG:SYD:(A;;0x2;;;S-1-15-2-1)(A;;0x2;;;S-1-15-3-1024-3153509613-960666767-3724611135-2725662640-12138253-543910227-1950414635-4190290187)(A;;0xf0007;;;SY)(A;;0x7;;;BA)(A;;0x7;;;SO)(A;;0x3;;;IU)(A;;0x3;;;SU)(A;;0x3;;;S-1-5-3)(A;;0x3;;;S-1-5-33)(A;;0x1;;;S-1-5-32-573)","%SystemRoot%\System32\Winevt\Logs\Microsoft-Windows-NetworkProfile%4Operational.evtx","1052672","Circular","Microsoft-Windows-NetworkProfile","System.String[]",,,"64","0","64","1000",
"69632","False","3/25/2024 3:30:57 PM","3/30/2023 8:40:12 AM","0","0","Microsoft-Windows-NetworkLocationWizard/Operational","Operational","Application","True","False","O:BAG:SYD:(A;;0x2;;;S-1-15-2-1)(A;;0x2;;;S-1-15-3-1024-3153509613-960666767-3724611135-2725662640-12138253-543910227-1950414635-4190290187)(A;;0xf0007;;;SY)(A;;0x7;;;BA)(A;;0x7;;;SO)(A;;0x3;;;IU)(A;;0x3;;;SU)(A;;0x3;;;S-1-5-3)(A;;0x3;;;S-1-5-33)(A;;0x1;;;S-1-5-32-573)","%SystemRoot%\System32\Winevt\Logs\Microsoft-Windows-NetworkLocationWizard%4Operational.evtx","1052672","Circular","Microsoft-Windows-PrimaryNetworkIcon","System.String[]",,,"64","0","64","1000",
,,,,,,"Microsoft-Windows-Network-ExecutionContext/Operational","Operational","Application","False","False","O:BAG:SYD:(A;;0x2;;;S-1-15-2-1)(A;;0x2;;;S-1-15-3-1024-3153509613-960666767-3724611135-2725662640-12138253-543910227-1950414635-4190290187)(A;;0xf0007;;;SY)(A;;0x7;;;BA)(A;;0x7;;;SO)(A;;0x3;;;IU)(A;;0x3;;;SU)(A;;0x3;;;S-1-5-3)(A;;0x3;;;S-1-5-33)(A;;0x1;;;S-1-5-32-573)","%SystemRoot%\System32\Winevt\Logs\Microsoft-Windows-Network-ExecutionContext%4Operational.evtx","1052672","Circular","Microsoft-Windows-Network-ExecutionContext","System.String[]",,,"64","0","64","1000",
"69632","False","3/25/2024 3:30:57 PM","3/30/2023 8:40:12 AM","0","0","Microsoft-Windows-NdisImPlatform/Operational","Operational","System","True","False","O:BAG:SYD:(A;;0xf0007;;;SY)(A;;0x7;;;BA)(A;;0x3;;;BO)(A;;0x5;;;SO)(A;;0x1;;;IU)(A;;0x3;;;SU)(A;;0x1;;;S-1-5-3)(A;;0x2;;;S-1-5-33)(A;;0x1;;;S-1-5-32-573)","%SystemRoot%\System32\Winevt\Logs\Microsoft-Windows-NdisImPlatform%4Operational.evtx","1052672","Circular","Microsoft-Windows-NdisImPlatformEventProvider","System.String[]",,,"64","0","16","1000",
,,,,,,"Microsoft-Windows-NDIS/Operational","Operational","Application","False","False","O:BAG:SYD:(A;;0x2;;;S-1-15-2-1)(A;;0x2;;;S-1-15-3-1024-3153509613-960666767-3724611135-2725662640-12138253-543910227-1950414635-4190290187)(A;;0xf0007;;;SY)(A;;0x7;;;BA)(A;;0x7;;;SO)(A;;0x3;;;IU)(A;;0x3;;;SU)(A;;0x3;;;S-1-5-3)(A;;0x3;;;S-1-5-33)(A;;0x1;;;S-1-5-32-573)","%SystemRoot%\System32\Winevt\Logs\Microsoft-Windows-NDIS%4Operational.evtx","1052672","Circular","Microsoft-Windows-NDIS","System.String[]",,,"64","0","64","1000",
"1052672","False","3/25/2024 3:26:31 PM","3/25/2024 3:26:31 PM","474","2379","Microsoft-Windows-NCSI/Operational","Operational","Application","True","False","O:BAG:SYD:(A;;0x2;;;S-1-15-2-1)(A;;0x2;;;S-1-15-3-1024-3153509613-960666767-3724611135-2725662640-12138253-543910227-1950414635-4190290187)(A;;0xf0007;;;SY)(A;;0x7;;;BA)(A;;0x7;;;SO)(A;;0x3;;;IU)(A;;0x3;;;SU)(A;;0x3;;;S-1-5-3)(A;;0x3;;;S-1-5-33)(A;;0x1;;;S-1-5-32-573)","%SystemRoot%\System32\Winevt\Logs\Microsoft-Windows-NCSI%4Operational.evtx","1052672","Circular","Microsoft-Windows-NCSI","System.String[]",,,"64","0","64","1000",
"69632","False","3/25/2024 3:30:57 PM","3/30/2023 8:40:12 AM","0","0","Microsoft-Windows-NcdAutoSetup/Operational","Operational","Application","True","False","O:BAG:SYD:(A;;0x2;;;S-1-15-2-1)(A;;0x2;;;S-1-15-3-1024-3153509613-960666767-3724611135-2725662640-12138253-543910227-1950414635-4190290187)(A;;0xf0007;;;SY)(A;;0x7;;;BA)(A;;0x7;;;SO)(A;;0x3;;;IU)(A;;0x3;;;SU)(A;;0x3;;;S-1-5-3)(A;;0x3;;;S-1-5-33)(A;;0x1;;;S-1-5-32-573)","%SystemRoot%\System32\Winevt\Logs\Microsoft-Windows-NcdAutoSetup%4Operational.evtx","1052672","Circular","Microsoft-Windows-NcdAutoSetup","System.String[]",,,"64","0","64","1000",
,,,,,,"Microsoft-Windows-Ncasvc/Operational","Operational","Application","False","False","O:BAG:SYD:(A;;0x2;;;S-1-15-2-1)(A;;0x2;;;S-1-15-3-1024-3153509613-960666767-3724611135-2725662640-12138253-543910227-1950414635-4190290187)(A;;0xf0007;;;SY)(A;;0x7;;;BA)(A;;0x7;;;SO)(A;;0x3;;;IU)(A;;0x3;;;SU)(A;;0x3;;;S-1-5-3)(A;;0x3;;;S-1-5-33)(A;;0x1;;;S-1-5-32-573)","%SystemRoot%\System32\Winevt\Logs\Microsoft-Windows-Ncasvc%4Operational.evtx","1052672","Circular","Microsoft-Windows-Ncasvc","System.String[]",,,"64","0","64","1000",
"69632","False","3/25/2024 3:30:57 PM","7/25/2023 9:09:09 AM","1","28","Microsoft-Windows-MUI/Operational","Operational","System","True","False","O:BAG:SYD:(A;;0xf0007;;;SY)(A;;0x7;;;BA)(A;;0x3;;;BO)(A;;0x5;;;SO)(A;;0x1;;;IU)(A;;0x3;;;SU)(A;;0x1;;;S-1-5-3)(A;;0x2;;;S-1-5-33)(A;;0x1;;;S-1-5-32-573)","%SystemRoot%\System32\Winevt\Logs\Microsoft-Windows-MUI%4Operational.evtx","1052672","Circular","Microsoft-Windows-MUI","System.String[]",,,"64","0","16","1000",
"69632","False","3/25/2024 3:30:57 PM","3/30/2023 8:40:12 AM","0","0","Microsoft-Windows-MUI/Admin","Administrative","System","True","False","O:BAG:SYD:(A;;0xf0007;;;SY)(A;;0x7;;;BA)(A;;0x3;;;BO)(A;;0x5;;;SO)(A;;0x1;;;IU)(A;;0x3;;;SU)(A;;0x1;;;S-1-5-3)(A;;0x2;;;S-1-5-33)(A;;0x1;;;S-1-5-32-573)","%SystemRoot%\System32\Winevt\Logs\Microsoft-Windows-MUI%4Admin.evtx","1052672","Circular","Microsoft-Windows-MUI","System.String[]",,,"64","0","16","1000",
"69632","False","3/25/2024 3:30:57 PM","3/30/2023 8:40:12 AM","0","0","Microsoft-Windows-Mprddm/Operational","Operational","Application","True","False","O:BAG:SYD:(A;;0x2;;;S-1-15-2-1)(A;;0x2;;;S-1-15-3-1024-3153509613-960666767-3724611135-2725662640-12138253-543910227-1950414635-4190290187)(A;;0xf0007;;;SY)(A;;0x7;;;BA)(A;;0x7;;;SO)(A;;0x3;;;IU)(A;;0x3;;;SU)(A;;0x3;;;S-1-5-3)(A;;0x3;;;S-1-5-33)(A;;0x1;;;S-1-5-32-573)","%SystemRoot%\System32\Winevt\Logs\Microsoft-Windows-Mprddm%4Operational.evtx","1052672","Circular","Microsoft-Windows-Mprddm","System.String[]",,,"64","0","64","1000",
,,,,,,"Microsoft-Windows-MosHost/Operational","Operational","Application","False","False","O:BAG:SYD:(A;;0x2;;;S-1-15-2-1)(A;;0x2;;;S-1-15-3-1024-3153509613-960666767-3724611135-2725662640-12138253-543910227-1950414635-4190290187)(A;;0xf0007;;;SY)(A;;0x7;;;BA)(A;;0x7;;;SO)(A;;0x3;;;IU)(A;;0x3;;;SU)(A;;0x3;;;S-1-5-3)(A;;0x3;;;S-1-5-33)(A;;0x1;;;S-1-5-32-573)","%SystemRoot%\System32\Winevt\Logs\Microsoft-Windows-MosHost%4Operational.evtx","1052672","Circular","Microsoft-Windows-MosHost","System.String[]",,,"64","0","64","1000",
"69632","False","3/25/2024 3:30:57 PM","3/25/2024 1:12:26 PM","1","14","Microsoft-Windows-ModernDeployment-Diagnostics-Provider/ManagementService","Administrative","Application","True","False","O:BAG:SYD:(A;;0x2;;;S-1-15-2-1)(A;;0x2;;;S-1-15-3-1024-3153509613-960666767-3724611135-2725662640-12138253-543910227-1950414635-4190290187)(A;;0xf0007;;;SY)(A;;0x7;;;BA)(A;;0x7;;;SO)(A;;0x3;;;IU)(A;;0x3;;;SU)(A;;0x3;;;S-1-5-3)(A;;0x3;;;S-1-5-33)(A;;0x1;;;S-1-5-32-573)","%SystemRoot%\System32\Winevt\Logs\Microsoft-Windows-ModernDeployment-Diagnostics-Provider%4ManagementService.evtx","1052672","Circular","Microsoft-Windows-ModernDeployment-Diagnostics-Provider","System.String[]",,,"64","0","64","1000",
"69632","False","3/25/2024 3:30:57 PM","3/30/2023 8:40:12 AM","0","0","Microsoft-Windows-ModernDeployment-Diagnostics-Provider/Diagnostics","Administrative","Application","True","False","O:BAG:SYD:(A;;0x2;;;S-1-15-2-1)(A;;0x2;;;S-1-15-3-1024-3153509613-960666767-3724611135-2725662640-12138253-543910227-1950414635-4190290187)(A;;0xf0007;;;SY)(A;;0x7;;;BA)(A;;0x7;;;SO)(A;;0x3;;;IU)(A;;0x3;;;SU)(A;;0x3;;;S-1-5-3)(A;;0x3;;;S-1-5-33)(A;;0x1;;;S-1-5-32-573)","%SystemRoot%\System32\Winevt\Logs\Microsoft-Windows-ModernDeployment-Diagnostics-Provider%4Diagnostics.evtx","1052672","Circular","Microsoft-Windows-ModernDeployment-Diagnostics-Provider","System.String[]",,,"64","0","64","1000",
"69632","False","3/25/2024 3:30:57 PM","3/25/2024 1:12:26 PM","1","6","Microsoft-Windows-ModernDeployment-Diagnostics-Provider/Autopilot","Administrative","Application","True","False","O:BAG:SYD:(A;;0x2;;;S-1-15-2-1)(A;;0x2;;;S-1-15-3-1024-3153509613-960666767-3724611135-2725662640-12138253-543910227-1950414635-4190290187)(A;;0xf0007;;;SY)(A;;0x7;;;BA)(A;;0x7;;;SO)(A;;0x3;;;IU)(A;;0x3;;;SU)(A;;0x3;;;S-1-5-3)(A;;0x3;;;S-1-5-33)(A;;0x1;;;S-1-5-32-573)","%SystemRoot%\System32\Winevt\Logs\Microsoft-Windows-ModernDeployment-Diagnostics-Provider%4Autopilot.evtx","1052672","Circular","Microsoft-Windows-ModernDeployment-Diagnostics-Provider","System.String[]",,,"64","0","64","1000",
"69632","False","3/25/2024 3:30:57 PM","3/30/2023 8:40:12 AM","0","0","Microsoft-Windows-ModernDeployment-Diagnostics-Provider/Admin","Administrative","Application","True","False","O:BAG:SYD:(A;;0x2;;;S-1-15-2-1)(A;;0x2;;;S-1-15-3-1024-3153509613-960666767-3724611135-2725662640-12138253-543910227-1950414635-4190290187)(A;;0xf0007;;;SY)(A;;0x7;;;BA)(A;;0x7;;;SO)(A;;0x3;;;IU)(A;;0x3;;;SU)(A;;0x3;;;S-1-5-3)(A;;0x3;;;S-1-5-33)(A;;0x1;;;S-1-5-32-573)","%SystemRoot%\System32\Winevt\Logs\Microsoft-Windows-ModernDeployment-Diagnostics-Provider%4Admin.evtx","1052672","Circular","Microsoft-Windows-ModernDeployment-Diagnostics-Provider","System.String[]",,,"64","0","64","1000",
"69632","False","3/25/2024 3:30:57 PM","3/30/2023 8:40:12 AM","0","0","Microsoft-Windows-MemoryDiagnostics-Results/Debug","Operational","System","True","False","O:BAG:SYD:(A;;0xf0007;;;SY)(A;;0x7;;;BA)(A;;0x3;;;BO)(A;;0x5;;;SO)(A;;0x1;;;IU)(A;;0x3;;;SU)(A;;0x1;;;S-1-5-3)(A;;0x2;;;S-1-5-33)(A;;0x1;;;S-1-5-32-573)","%SystemRoot%\System32\Winevt\Logs\Microsoft-Windows-MemoryDiagnostics-Results%4Debug.evtx","1052672","Circular","Microsoft-Windows-MemoryDiagnostics-Results","System.String[]",,,"64","0","16","1000",
,,,,,,"Microsoft-Windows-MediaFoundation-Performance/SARStreamResource","Operational","Application","False","False","O:BAG:SYD:(A;;0x2;;;S-1-15-2-1)(A;;0x2;;;S-1-15-3-1024-3153509613-960666767-3724611135-2725662640-12138253-543910227-1950414635-4190290187)(A;;0xf0007;;;SY)(A;;0x7;;;BA)(A;;0x7;;;SO)(A;;0x3;;;IU)(A;;0x3;;;SU)(A;;0x3;;;S-1-5-3)(A;;0x3;;;S-1-5-33)(A;;0x1;;;S-1-5-32-573)","%SystemRoot%\System32\Winevt\Logs\Microsoft-Windows-MediaFoundation-Performance%4SARStreamResource.evtx","1052672","Circular","Microsoft-Windows-MediaFoundation-Performance","System.String[]",,,"64","0","64","1000",
,,,,,,"Microsoft-Windows-LSA/Operational","Operational","System","False","False","O:BAG:SYD:(A;;0xf0007;;;SY)(A;;0x7;;;BA)(A;;0x3;;;BO)(A;;0x5;;;SO)(A;;0x1;;;IU)(A;;0x3;;;SU)(A;;0x1;;;S-1-5-3)(A;;0x2;;;S-1-5-33)(A;;0x1;;;S-1-5-32-573)","%SystemRoot%\System32\Winevt\Logs\Microsoft-Windows-LSA%4Operational.evtx","1052672","Circular","LsaSrv","System.String[]",,,"64","0","16","1000",
"1052672","False","3/25/2024 3:30:57 PM","3/25/2024 3:30:13 PM","109282","427","Microsoft-Windows-LiveId/Operational","Operational","System","True","False","O:BAG:SYD:(A;;0x1;;;SY)(A;;0x1;;;BA)(A;;0x1;;;LA)","%SystemRoot%\System32\Winevt\Logs\Microsoft-Windows-LiveId%4Operational.evtx","1052672","Circular","Microsoft-Windows-LiveId","System.String[]",,,"64","0","16","1000",
,,,,,,"Microsoft-Windows-LinkLayerDiscoveryProtocol/Operational","Operational","Application","False","False","O:BAG:SYD:(A;;0x2;;;S-1-15-2-1)(A;;0x2;;;S-1-15-3-1024-3153509613-960666767-3724611135-2725662640-12138253-543910227-1950414635-4190290187)(A;;0xf0007;;;SY)(A;;0x7;;;BA)(A;;0x7;;;SO)(A;;0x3;;;IU)(A;;0x3;;;SU)(A;;0x3;;;S-1-5-3)(A;;0x3;;;S-1-5-33)(A;;0x1;;;S-1-5-32-573)","%SystemRoot%\System32\Winevt\Logs\Microsoft-Windows-LinkLayerDiscoveryProtocol%4Operational.evtx","1052672","Circular","Microsoft-Windows-LinkLayerDiscoveryProtocol","System.String[]",,,"64","0","64","1000",
"69632","False","3/25/2024 3:30:57 PM","7/24/2023 11:13:04 PM","0","0","Microsoft-Windows-LAPS/Operational","Operational","System","True","False","O:BAG:SYD:(A;;0xf0007;;;SY)(A;;0x7;;;BA)(A;;0x3;;;BO)(A;;0x5;;;SO)(A;;0x1;;;IU)(A;;0x3;;;SU)(A;;0x1;;;S-1-5-3)(A;;0x2;;;S-1-5-33)(A;;0x1;;;S-1-5-32-573)","%SystemRoot%\System32\Winevt\Logs\Microsoft-Windows-LAPS%4Operational.evtx","52428800","Circular","Microsoft-Windows-LAPS","System.String[]",,,"64","0","16","1000",
"69632","False","3/25/2024 3:30:57 PM","3/25/2024 1:12:26 PM","1","148","Microsoft-Windows-LanguagePackSetup/Operational","Operational","System","True","False","O:BAG:SYD:(A;;0xf0007;;;SY)(A;;0x7;;;BA)(A;;0x3;;;BO)(A;;0x5;;;SO)(A;;0x1;;;IU)(A;;0x3;;;SU)(A;;0x1;;;S-1-5-3)(A;;0x2;;;S-1-5-33)(A;;0x1;;;S-1-5-32-573)","%SystemRoot%\System32\Winevt\Logs\Microsoft-Windows-LanguagePackSetup%4Operational.evtx","1052672","Circular","Microsoft-Windows-LanguagePackSetup","System.String[]",,,"64","0","16","1000",
"1052672","False","3/25/2024 3:24:59 PM","3/25/2024 3:24:59 PM","46454","1861","Microsoft-Windows-Known Folders API Service","Operational","Application","True","False","O:BAG:SYD:(A;;0x2;;;S-1-15-2-1)(A;;0x2;;;S-1-15-3-1024-3153509613-960666767-3724611135-2725662640-12138253-543910227-1950414635-4190290187)(A;;0xf0007;;;SY)(A;;0x7;;;BA)(A;;0x7;;;SO)(A;;0x3;;;IU)(A;;0x3;;;SU)(A;;0x3;;;S-1-5-3)(A;;0x3;;;S-1-5-33)(A;;0x1;;;S-1-5-32-573)","%SystemRoot%\System32\Winevt\Logs\Microsoft-Windows-Known Folders API Service.evtx","1052672","Circular","Microsoft-Windows-KnownFolders","System.String[]",,,"64","0","64","1000",
"2166784","False","3/25/2024 1:12:26 PM","3/25/2024 12:28:22 PM","1","1062","Microsoft-Windows-Kernel-WHEA/Operational","Operational","System","True","False","O:BAG:SYD:(A;;0xf0007;;;SY)(A;;0x7;;;BA)(A;;0x3;;;BO)(A;;0x5;;;SO)(A;;0x1;;;IU)(A;;0x3;;;SU)(A;;0x1;;;S-1-5-3)(A;;0x2;;;S-1-5-33)(A;;0x1;;;S-1-5-32-573)","%SystemRoot%\System32\Winevt\Logs\Microsoft-Windows-Kernel-WHEA%4Operational.evtx","33554432","Circular","Microsoft-Windows-Kernel-WHEA","System.String[]",,,"64","0","16","1000",
"69632","False","3/25/2024 3:30:57 PM","3/30/2023 8:40:12 AM","0","0","Microsoft-Windows-Kernel-WHEA/Errors","Operational","System","True","False","O:BAG:SYD:(A;;0xf0007;;;SY)(A;;0x7;;;BA)(A;;0x3;;;BO)(A;;0x5;;;SO)(A;;0x1;;;IU)(A;;0x3;;;SU)(A;;0x1;;;S-1-5-3)(A;;0x2;;;S-1-5-33)(A;;0x1;;;S-1-5-32-573)","%SystemRoot%\System32\Winevt\Logs\Microsoft-Windows-Kernel-WHEA%4Errors.evtx","33554432","Circular","Microsoft-Windows-Kernel-WHEA","System.String[]",,,"64","0","16","1000",
"69632","False","3/25/2024 3:30:57 PM","3/30/2023 8:40:12 AM","0","0","Microsoft-Windows-Kernel-WDI/Operational","Operational","System","True","False","O:BAG:SYD:(A;;0xf0007;;;SY)(A;;0x7;;;BA)(A;;0x3;;;BO)(A;;0x5;;;SO)(A;;0x1;;;IU)(A;;0x3;;;SU)(A;;0x1;;;S-1-5-3)(A;;0x2;;;S-1-5-33)(A;;0x1;;;S-1-5-32-573)","%SystemRoot%\System32\Winevt\Logs\Microsoft-Windows-Kernel-WDI%4Operational.evtx","1052672","Circular","Microsoft-Windows-Kernel-WDI","System.String[]",,,"64","0","16","1000",
"69632","False","3/25/2024 3:30:57 PM","3/30/2023 8:40:12 AM","0","0","Microsoft-Windows-Kernel-StoreMgr/Operational","Operational","System","True","False","O:BAG:SYD:(A;;0xf0007;;;SY)(A;;0x7;;;BA)(A;;0x3;;;BO)(A;;0x5;;;SO)(A;;0x1;;;IU)(A;;0x3;;;SU)(A;;0x1;;;S-1-5-3)(A;;0x2;;;S-1-5-33)(A;;0x1;;;S-1-5-32-573)","%SystemRoot%\System32\Winevt\Logs\Microsoft-Windows-Kernel-StoreMgr%4Operational.evtx","1052672","Circular","Microsoft-Windows-Kernel-StoreMgr","System.String[]",,,"64","0","16","1000",
"1052672","False","3/25/2024 3:26:17 PM","3/25/2024 3:26:17 PM","1","1884","Microsoft-Windows-Kernel-ShimEngine/Operational","Operational","System","True","False","O:BAG:SYD:(A;;0xf0007;;;SY)(A;;0x7;;;BA)(A;;0x3;;;BO)(A;;0x5;;;SO)(A;;0x1;;;IU)(A;;0x3;;;SU)(A;;0x1;;;S-1-5-3)(A;;0x2;;;S-1-5-33)(A;;0x1;;;S-1-5-32-573)","%SystemRoot%\System32\Winevt\Logs\Microsoft-Windows-Kernel-ShimEngine%4Operational.evtx","1052672","Circular","Microsoft-Windows-Kernel-ShimEngine","System.String[]",,,"64","0","16","1000",
"69632","False","3/25/2024 3:30:57 PM","3/30/2023 8:40:12 AM","0","0","Microsoft-Windows-Kernel-PRM/Operational","Operational","System","True","False","O:BAG:SYD:(A;;0xf0007;;;SY)(A;;0x7;;;BA)(A;;0x3;;;BO)(A;;0x5;;;SO)(A;;0x1;;;IU)(A;;0x3;;;SU)(A;;0x1;;;S-1-5-3)(A;;0x2;;;S-1-5-33)(A;;0x1;;;S-1-5-32-573)","%SystemRoot%\System32\Winevt\Logs\Microsoft-Windows-Kernel-PRM%4Operational.evtx","1052672","Circular","Microsoft-Windows-Kernel-Prm","System.String[]",,,"64","0","16","1000",
"69632","False","3/25/2024 3:30:57 PM","3/30/2023 8:40:12 AM","0","0","Microsoft-Windows-Kernel-Power/Thermal-Operational","Operational","System","True","False","O:BAG:SYD:(A;;0xf0007;;;SY)(A;;0x7;;;BA)(A;;0x3;;;BO)(A;;0x5;;;SO)(A;;0x1;;;IU)(A;;0x3;;;SU)(A;;0x1;;;S-1-5-3)(A;;0x2;;;S-1-5-33)(A;;0x1;;;S-1-5-32-573)","%SystemRoot%\System32\Winevt\Logs\Microsoft-Windows-Kernel-Power%4Thermal-Operational.evtx","1052672","Circular","Microsoft-Windows-Kernel-Power","System.String[]",,,"64","0","16","1000",
"69632","False","3/25/2024 3:30:57 PM","3/23/2024 7:01:24 PM","1","11","Microsoft-Windows-Kernel-PnP/Driver Watchdog","Operational","System","True","False","O:BAG:SYD:(A;;0xf0007;;;SY)(A;;0x7;;;BA)(A;;0x3;;;BO)(A;;0x5;;;SO)(A;;0x1;;;IU)(A;;0x3;;;SU)(A;;0x1;;;S-1-5-3)(A;;0x2;;;S-1-5-33)(A;;0x1;;;S-1-5-32-573)","%SystemRoot%\System32\Winevt\Logs\Microsoft-Windows-Kernel-PnP%4Driver Watchdog.evtx","1052672","Circular","Microsoft-Windows-Kernel-PnP","System.String[]",,,"64","0","16","1000",
"2166784","False","3/25/2024 3:26:17 PM","3/25/2024 3:26:17 PM","1","3822","Microsoft-Windows-Kernel-PnP/Device Management","Operational","System","True","False","O:BAG:SYD:(A;;0xf0007;;;SY)(A;;0x7;;;BA)(A;;0x3;;;BO)(A;;0x5;;;SO)(A;;0x1;;;IU)(A;;0x3;;;SU)(A;;0x1;;;S-1-5-3)(A;;0x2;;;S-1-5-33)(A;;0x1;;;S-1-5-32-573)","%SystemRoot%\System32\Winevt\Logs\Microsoft-Windows-Kernel-PnP%4Device Management.evtx","5242880","Circular","Microsoft-Windows-Kernel-PnP","System.String[]",,,"64","0","16","1000",
"1052672","False","3/25/2024 1:20:08 PM","3/25/2024 1:20:08 PM","1","1282","Microsoft-Windows-Kernel-PnP/Configuration","Operational","System","True","False","O:BAG:SYD:(A;;0xf0007;;;SY)(A;;0x7;;;BA)(A;;0x3;;;BO)(A;;0x5;;;SO)(A;;0x1;;;IU)(A;;0x3;;;SU)(A;;0x1;;;S-1-5-3)(A;;0x2;;;S-1-5-33)(A;;0x1;;;S-1-5-32-573)","%SystemRoot%\System32\Winevt\Logs\Microsoft-Windows-Kernel-PnP%4Configuration.evtx","1052672","Circular","Microsoft-Windows-Kernel-PnP","System.String[]",,,"64","0","16","1000",
"69632","False","3/25/2024 3:30:57 PM","2/2/2024 11:09:32 PM","1","81","Microsoft-Windows-Kernel-LiveDump/Operational","Operational","System","True","False","O:BAG:SYD:(A;;0xf0007;;;SY)(A;;0x7;;;BA)(A;;0x3;;;BO)(A;;0x5;;;SO)(A;;0x1;;;IU)(A;;0x3;;;SU)(A;;0x1;;;S-1-5-3)(A;;0x2;;;S-1-5-33)(A;;0x1;;;S-1-5-32-573)","%SystemRoot%\System32\Winevt\Logs\Microsoft-Windows-Kernel-LiveDump%4Operational.evtx","1052672","Circular","Microsoft-Windows-Kernel-LiveDump","System.String[]",,,"64","0","16","1000",
"69632","False","3/25/2024 3:30:57 PM","3/30/2023 8:40:12 AM","0","0","Microsoft-Windows-Kernel-IO/Operational","Operational","System","True","False","O:BAG:SYD:(A;;0xf0007;;;SY)(A;;0x7;;;BA)(A;;0x3;;;BO)(A;;0x5;;;SO)(A;;0x1;;;IU)(A;;0x3;;;SU)(A;;0x1;;;S-1-5-3)(A;;0x2;;;S-1-5-33)(A;;0x1;;;S-1-5-32-573)","%SystemRoot%\System32\Winevt\Logs\Microsoft-Windows-Kernel-IO%4Operational.evtx","1052672","Circular","Microsoft-Windows-Kernel-IO","System.String[]",,,"64","0","16","1000",
"1052672","False","3/25/2024 1:12:26 PM","3/25/2024 12:33:22 PM","2340","1987","Microsoft-Windows-Kernel-EventTracing/Admin","Administrative","System","True","False","O:BAG:SYD:(A;;0xf0007;;;SY)(A;;0x7;;;BA)(A;;0x3;;;BO)(A;;0x5;;;SO)(A;;0x1;;;IU)(A;;0x3;;;SU)(A;;0x1;;;S-1-5-3)(A;;0x2;;;S-1-5-33)(A;;0x1;;;S-1-5-32-573)","%SystemRoot%\System32\Winevt\Logs\Microsoft-Windows-Kernel-EventTracing%4Admin.evtx","1052672","Circular","Microsoft-Windows-Kernel-EventTracing","System.String[]",,,"64","0","16","1000",
"69632","False","3/25/2024 3:30:57 PM","3/25/2024 12:23:22 PM","1","95","Microsoft-Windows-Kernel-Dump/Operational","Operational","System","True","False","O:BAG:SYD:(A;;0xf0007;;;SY)(A;;0x7;;;BA)(A;;0x3;;;BO)(A;;0x5;;;SO)(A;;0x1;;;IU)(A;;0x3;;;SU)(A;;0x1;;;S-1-5-3)(A;;0x2;;;S-1-5-33)(A;;0x1;;;S-1-5-32-573)","%SystemRoot%\System32\Winevt\Logs\Microsoft-Windows-Kernel-Dump%4Operational.evtx","1052672","Circular","Microsoft-Windows-Kernel-Dump","System.String[]",,,"64","0","16","1000",
"69632","False","3/25/2024 3:30:57 PM","3/30/2023 8:40:12 AM","0","0","Microsoft-Windows-Kernel-CPU-Starvation/Operational","Operational","System","True","False","O:BAG:SYD:(A;;0xf0007;;;SY)(A;;0x7;;;BA)(A;;0x3;;;BO)(A;;0x5;;;SO)(A;;0x1;;;IU)(A;;0x3;;;SU)(A;;0x1;;;S-1-5-3)(A;;0x2;;;S-1-5-33)(A;;0x1;;;S-1-5-32-573)","%SystemRoot%\System32\Winevt\Logs\Microsoft-Windows-Kernel-CPU-Starvation%4Operational.evtx","1052672","Circular","Microsoft-Windows-Kernel-CPU-Starvation","System.String[]",,,"64","0","16","1000",
"1052672","False","3/25/2024 3:04:00 PM","3/25/2024 2:43:58 PM","8547","765","Microsoft-Windows-Kernel-Cache/Operational","Operational","System","True","False","O:BAG:SYD:(A;;0xf0007;;;SY)(A;;0x7;;;BA)(A;;0x3;;;BO)(A;;0x5;;;SO)(A;;0x1;;;IU)(A;;0x3;;;SU)(A;;0x1;;;S-1-5-3)(A;;0x2;;;S-1-5-33)(A;;0x1;;;S-1-5-32-573)","%SystemRoot%\System32\Winevt\Logs\Microsoft-Windows-Kernel-Cache%4Operational.evtx","1052672","Circular","Microsoft-Windows-Kernel-Cache","System.String[]",,,"64","0","16","1000",
"1052672","False","3/25/2024 1:12:26 PM","3/25/2024 12:23:22 PM","1","268","Microsoft-Windows-Kernel-Boot/Operational","Operational","System","True","False","O:BAG:SYD:(A;;0xf0007;;;SY)(A;;0x7;;;BA)(A;;0x3;;;BO)(A;;0x5;;;SO)(A;;0x1;;;IU)(A;;0x3;;;SU)(A;;0x1;;;S-1-5-3)(A;;0x2;;;S-1-5-33)(A;;0x1;;;S-1-5-32-573)","%SystemRoot%\System32\Winevt\Logs\Microsoft-Windows-Kernel-Boot%4Operational.evtx","1052672","Circular","Microsoft-Windows-Kernel-Boot","System.String[]",,,"64","0","16","1000",
"69632","False","3/25/2024 3:30:57 PM","3/30/2023 8:40:12 AM","0","0","Microsoft-Windows-Kernel-ApphelpCache/Operational","Operational","Application","True","False","O:BAG:SYD:(A;;0x2;;;S-1-15-2-1)(A;;0x2;;;S-1-15-3-1024-3153509613-960666767-3724611135-2725662640-12138253-543910227-1950414635-4190290187)(A;;0xf0007;;;SY)(A;;0x7;;;BA)(A;;0x7;;;SO)(A;;0x3;;;IU)(A;;0x3;;;SU)(A;;0x3;;;S-1-5-3)(A;;0x3;;;S-1-5-33)(A;;0x1;;;S-1-5-32-573)","%SystemRoot%\System32\Winevt\Logs\Microsoft-Windows-Kernel-ApphelpCache%4Operational.evtx","1052672","Circular","Microsoft-Windows-ApplicationExperience-Cache","System.String[]",,,"64","0","64","1000",
,,,,,,"Microsoft-Windows-Kerberos/Operational","Operational","System","False","False","O:BAG:SYD:(A;;0xf0007;;;SY)(A;;0x7;;;BA)(A;;0x3;;;BO)(A;;0x5;;;SO)(A;;0x1;;;IU)(A;;0x3;;;SU)(A;;0x1;;;S-1-5-3)(A;;0x2;;;S-1-5-33)(A;;0x1;;;S-1-5-32-573)","%SystemRoot%\System32\Winevt\Logs\Microsoft-Windows-Kerberos%4Operational.evtx","1052672","Circular","Microsoft-Windows-Security-Kerberos","System.String[]",,,"64","0","16","1000",
"69632","False","3/25/2024 3:30:57 PM","3/30/2023 8:40:12 AM","0","0","Microsoft-Windows-KdsSvc/Operational","Operational","System","True","False","O:BAG:SYD:(A;;0xf0007;;;SY)(A;;0x7;;;BA)(A;;0x3;;;BO)(A;;0x5;;;SO)(A;;0x1;;;IU)(A;;0x3;;;SU)(A;;0x1;;;S-1-5-3)(A;;0x2;;;S-1-5-33)(A;;0x1;;;S-1-5-32-573)","%SystemRoot%\System32\Winevt\Logs\Microsoft-Windows-KdsSvc%4Operational.evtx","1052672","Circular","Microsoft-Windows-KdsSvc","System.String[]",,,"64","0","16","1000",
