"69632","False","3/25/2024 3:30:57 PM","3/30/2023 8:40:12 AM","0","0","Microsoft-Windows-Crashdump/Operational","Operational","Application","True","False","O:BAG:SYD:(A;;0x2;;;S-1-15-2-1)(A;;0x2;;;S-1-15-3-1024-3153509613-960666767-3724611135-2725662640-12138253-543910227-1950414635-4190290187)(A;;0xf0007;;;SY)(A;;0x7;;;BA)(A;;0x7;;;SO)(A;;0x3;;;IU)(A;;0x3;;;SU)(A;;0x3;;;S-1-5-3)(A;;0x3;;;S-1-5-33)(A;;0x1;;;S-1-5-32-573)","%SystemRoot%\System32\Winevt\Logs\Microsoft-Windows-Crashdump%4Operational.evtx","1052672","Circular","Microsoft-Windows-Crashdump","System.String[]",,,"64","0","64","1000",
"69632","False","3/25/2024 3:30:57 PM","3/30/2023 8:40:12 AM","0","0","Microsoft-Windows-CorruptedFileRecovery-Server/Operational","Operational","System","True","False","O:BAG:SYD:(A;;0xf0007;;;SY)(A;;0x7;;;BA)(A;;0x3;;;BO)(A;;0x5;;;SO)(A;;0x1;;;IU)(A;;0x3;;;SU)(A;;0x1;;;S-1-5-3)(A;;0x2;;;S-1-5-33)(A;;0x1;;;S-1-5-32-573)","%SystemRoot%\System32\Winevt\Logs\Microsoft-Windows-CorruptedFileRecovery-Server%4Operational.evtx","1052672","Circular","Microsoft-Windows-CorruptedFileRecovery-Server","System.String[]",,,"64","0","16","1000",
"69632","False","3/25/2024 3:30:57 PM","3/30/2023 8:40:12 AM","0","0","Microsoft-Windows-CorruptedFileRecovery-Client/Operational","Operational","Application","True","False","O:BAG:SYD:(A;;0x2;;;S-1-15-2-1)(A;;0x2;;;S-1-15-3-1024-3153509613-960666767-3724611135-2725662640-12138253-543910227-1950414635-4190290187)(A;;0xf0007;;;SY)(A;;0x7;;;BA)(A;;0x7;;;SO)(A;;0x3;;;IU)(A;;0x3;;;SU)(A;;0x3;;;S-1-5-3)(A;;0x3;;;S-1-5-33)(A;;0x1;;;S-1-5-32-573)","%SystemRoot%\System32\Winevt\Logs\Microsoft-Windows-CorruptedFileRecovery-Client%4Operational.evtx","1052672","Circular","Microsoft-Windows-CorruptedFileRecovery-Client","System.String[]",,,"64","0","64","1000",
"69632","False","3/25/2024 3:30:57 PM","3/30/2023 8:40:12 AM","0","0","Microsoft-Windows-CoreSystem-SmsRouter-Events/Operational","Operational","Application","True","False","O:BAG:SYD:(A;;0x2;;;S-1-15-2-1)(A;;0x2;;;S-1-15-3-1024-3153509613-960666767-3724611135-2725662640-12138253-543910227-1950414635-4190290187)(A;;0xf0007;;;SY)(A;;0x7;;;BA)(A;;0x7;;;SO)(A;;0x3;;;IU)(A;;0x3;;;SU)(A;;0x3;;;S-1-5-3)(A;;0x3;;;S-1-5-33)(A;;0x1;;;S-1-5-32-573)","%SystemRoot%\System32\Winevt\Logs\Microsoft-Windows-CoreSystem-SmsRouter-Events%4Operational.evtx","1052672","Circular","Microsoft-Windows-CoreSystem-SmsRouter","System.String[]",,,"64","0","64","1000",
"69632","False","3/25/2024 3:30:57 PM","3/30/2023 8:40:12 AM","0","0","Microsoft-Windows-CoreApplication/Operational","Operational","Application","True","False","O:BAG:SYD:(A;;0x2;;;S-1-15-2-1)(A;;0x2;;;S-1-15-3-1024-3153509613-960666767-3724611135-2725662640-12138253-543910227-1950414635-4190290187)(A;;0xf0007;;;SY)(A;;0x7;;;BA)(A;;0x7;;;SO)(A;;0x3;;;IU)(A;;0x3;;;SU)(A;;0x3;;;S-1-5-3)(A;;0x3;;;S-1-5-33)(A;;0x1;;;S-1-5-32-573)","%SystemRoot%\System32\Winevt\Logs\Microsoft-Windows-CoreApplication%4Operational.evtx","1052672","Circular","Microsoft-Windows-Immersive-Shell-API","System.String[]",,,"64","0","64","1000",
"69632","False","3/25/2024 3:30:57 PM","3/25/2024 12:23:22 PM","1","87","Microsoft-Windows-Containers-Wcifs/Operational","Operational","System","True","False","O:BAG:SYD:(A;;0xf0007;;;SY)(A;;0x7;;;BA)(A;;0x3;;;BO)(A;;0x5;;;SO)(A;;0x1;;;IU)(A;;0x3;;;SU)(A;;0x1;;;S-1-5-3)(A;;0x2;;;S-1-5-33)(A;;0x1;;;S-1-5-32-573)","%SystemRoot%\System32\Winevt\Logs\Microsoft-Windows-Containers-Wcifs%4Operational.evtx","1052672","Circular","Microsoft-Windows-Containers-Wcifs","System.String[]",,,"64","0","16","1000",
"69632","False","3/25/2024 3:30:57 PM","3/25/2024 12:23:22 PM","1","87","Microsoft-Windows-Containers-BindFlt/Operational","Operational","System","True","False","O:BAG:SYD:(A;;0xf0007;;;SY)(A;;0x7;;;BA)(A;;0x3;;;BO)(A;;0x5;;;SO)(A;;0x1;;;IU)(A;;0x3;;;SU)(A;;0x1;;;S-1-5-3)(A;;0x2;;;S-1-5-33)(A;;0x1;;;S-1-5-32-573)","%SystemRoot%\System32\Winevt\Logs\Microsoft-Windows-Containers-BindFlt%4Operational.evtx","1052672","Circular","Microsoft-Windows-Containers-BindFlt","System.String[]",,,"64","0","16","1000",
"69632","False","3/25/2024 3:30:57 PM","3/30/2023 8:40:12 AM","0","0","Microsoft-Windows-Compat-Appraiser/Operational","Operational","Application","True","False","O:BAG:SYD:(A;;0x2;;;S-1-15-2-1)(A;;0x2;;;S-1-15-3-1024-3153509613-960666767-3724611135-2725662640-12138253-543910227-1950414635-4190290187)(A;;0xf0007;;;SY)(A;;0x7;;;BA)(A;;0x7;;;SO)(A;;0x3;;;IU)(A;;0x3;;;SU)(A;;0x3;;;S-1-5-3)(A;;0x3;;;S-1-5-33)(A;;0x1;;;S-1-5-32-573)","%SystemRoot%\System32\Winevt\Logs\Microsoft-Windows-Compat-Appraiser%4Operational.evtx","1052672","Circular","Microsoft-Windows-Compat-Appraiser","System.String[]",,,"64","0","64","1000",
"1052672","False","3/25/2024 3:24:58 PM","3/25/2024 3:24:58 PM","466028","1397","Microsoft-Windows-CodeIntegrity/Operational","Operational","System","True","False","O:BAG:SYD:(A;;0xf0007;;;SY)(A;;0x7;;;BA)(A;;0x3;;;BO)(A;;0x5;;;SO)(A;;0x1;;;IU)(A;;0x3;;;SU)(A;;0x1;;;S-1-5-3)(A;;0x2;;;S-1-5-33)(A;;0x1;;;S-1-5-32-573)","%SystemRoot%\System32\Winevt\Logs\Microsoft-Windows-CodeIntegrity%4Operational.evtx","1052672","Circular","Microsoft-Windows-CodeIntegrity","System.String[]",,,"64","0","16","1000",
"1052672","False","3/25/2024 1:12:27 PM","3/25/2024 12:43:22 PM","1923","1937","Microsoft-Windows-CloudStore/Operational","Operational","Application","True","False","O:BAG:SYD:(A;;0x2;;;S-1-15-2-1)(A;;0x2;;;S-1-15-3-1024-3153509613-960666767-3724611135-2725662640-12138253-543910227-1950414635-4190290187)(A;;0xf0007;;;SY)(A;;0x7;;;BA)(A;;0x7;;;SO)(A;;0x3;;;IU)(A;;0x3;;;SU)(A;;0x3;;;S-1-5-3)(A;;0x3;;;S-1-5-33)(A;;0x1;;;S-1-5-32-573)","%SystemRoot%\System32\Winevt\Logs\Microsoft-Windows-CloudStore%4Operational.evtx","1052672","Circular","Microsoft-Windows-CloudStore","System.String[]",,,"64","0","64","1000",
"69632","False","3/25/2024 3:30:57 PM","3/24/2024 10:52:41 PM","1","123","Microsoft-Windows-CloudStore/Initialization","Operational","Application","True","False","O:BAG:SYD:(A;;0x2;;;S-1-15-2-1)(A;;0x2;;;S-1-15-3-1024-3153509613-960666767-3724611135-2725662640-12138253-543910227-1950414635-4190290187)(A;;0xf0007;;;SY)(A;;0x7;;;BA)(A;;0x7;;;SO)(A;;0x3;;;IU)(A;;0x3;;;SU)(A;;0x3;;;S-1-5-3)(A;;0x3;;;S-1-5-33)(A;;0x1;;;S-1-5-32-573)","%SystemRoot%\System32\Winevt\Logs\Microsoft-Windows-CloudStore%4Initialization.evtx","1052672","Circular","Microsoft-Windows-CloudStore","System.String[]",,,"64","0","64","1000",
,,,,,,"Microsoft-Windows-CloudStore/Debug","Operational","Application","False","False","O:BAG:SYD:(A;;0x2;;;S-1-15-2-1)(A;;0x2;;;S-1-15-3-1024-3153509613-960666767-3724611135-2725662640-12138253-543910227-1950414635-4190290187)(A;;0xf0007;;;SY)(A;;0x7;;;BA)(A;;0x7;;;SO)(A;;0x3;;;IU)(A;;0x3;;;SU)(A;;0x3;;;S-1-5-3)(A;;0x3;;;S-1-5-33)(A;;0x1;;;S-1-5-32-573)","%SystemRoot%\System32\Winevt\Logs\Microsoft-Windows-CloudStore%4Debug.evtx","10485760","Circular","Microsoft-Windows-CloudStore","System.String[]",,,"64","0","64","1000",
"1052672","False","3/25/2024 1:12:27 PM","2/4/2024 1:18:36 PM","1","833","Microsoft-Windows-CloudRestoreLauncher/Operational","Operational","Application","True","False","O:BAG:SYD:(A;;0x2;;;S-1-15-2-1)(A;;0x2;;;S-1-15-3-1024-3153509613-960666767-3724611135-2725662640-12138253-543910227-1950414635-4190290187)(A;;0xf0007;;;SY)(A;;0x7;;;BA)(A;;0x7;;;SO)(A;;0x3;;;IU)(A;;0x3;;;SU)(A;;0x3;;;S-1-5-3)(A;;0x3;;;S-1-5-33)(A;;0x1;;;S-1-5-32-573)","%SystemRoot%\System32\Winevt\Logs\Microsoft-Windows-CloudRestoreLauncher%4Operational.evtx","1052672","Circular","Microsoft-Windows-CloudRestoreLauncher","System.String[]",,,"64","0","64","1000",
"69632","False","3/25/2024 3:30:57 PM","3/30/2023 8:40:12 AM","0","0","Microsoft-Windows-Cleanmgr/Diagnostic","Operational","Application","True","False","O:BAG:SYD:(A;;0x2;;;S-1-15-2-1)(A;;0x2;;;S-1-15-3-1024-3153509613-960666767-3724611135-2725662640-12138253-543910227-1950414635-4190290187)(A;;0xf0007;;;SY)(A;;0x7;;;BA)(A;;0x7;;;SO)(A;;0x3;;;IU)(A;;0x3;;;SU)(A;;0x3;;;S-1-5-3)(A;;0x3;;;S-1-5-33)(A;;0x1;;;S-1-5-32-573)","%SystemRoot%\System32\Winevt\Logs\Microsoft-Windows-Cleanmgr%4Diagnostic.evtx","8388608","Circular","Microsoft-Windows-Cleanmgr","System.String[]",,,"64","0","64","1000",
,,,,,,"Microsoft-Windows-CertPoleEng/Operational","Operational","Application","False","False","O:BAG:SYD:(A;;0x2;;;S-1-15-2-1)(A;;0x2;;;S-1-15-3-1024-3153509613-960666767-3724611135-2725662640-12138253-543910227-1950414635-4190290187)(A;;0xf0007;;;SY)(A;;0x7;;;BA)(A;;0x7;;;SO)(A;;0x3;;;IU)(A;;0x3;;;SU)(A;;0x3;;;S-1-5-3)(A;;0x3;;;S-1-5-33)(A;;0x1;;;S-1-5-32-573)","%SystemRoot%\System32\Winevt\Logs\Microsoft-Windows-CertPoleEng%4Operational.evtx","1052672","Circular","Microsoft-Windows-CertPolEng","System.String[]",,,"64","0","64","1000",
"69632","False","3/25/2024 3:30:57 PM","3/30/2023 8:40:12 AM","0","0","Microsoft-Windows-CertificateServicesClient-Lifecycle-User/Operational","Operational","Application","True","False","O:BAG:SYD:(A;;0x2;;;S-1-15-2-1)(A;;0x2;;;S-1-15-3-1024-3153509613-960666767-3724611135-2725662640-12138253-543910227-1950414635-4190290187)(A;;0xf0007;;;SY)(A;;0x7;;;BA)(A;;0x7;;;SO)(A;;0x3;;;IU)(A;;0x3;;;SU)(A;;0x3;;;S-1-5-3)(A;;0x3;;;S-1-5-33)(A;;0x1;;;S-1-5-32-573)","%SystemRoot%\System32\Winevt\Logs\Microsoft-Windows-CertificateServicesClient-Lifecycle-User%4Operational.evtx","1052672","Circular","Microsoft-Windows-CertificateServicesClient-Lifecycle-User","System.String[]",,,"64","0","64","1000",
"69632","False","3/25/2024 3:30:57 PM","3/30/2023 8:40:12 AM","0","0","Microsoft-Windows-CertificateServicesClient-Lifecycle-System/Operational","Operational","System","True","False","O:BAG:SYD:(A;;0xf0007;;;SY)(A;;0x7;;;BA)(A;;0x3;;;BO)(A;;0x5;;;SO)(A;;0x1;;;IU)(A;;0x3;;;SU)(A;;0x1;;;S-1-5-3)(A;;0x2;;;S-1-5-33)(A;;0x1;;;S-1-5-32-573)","%SystemRoot%\System32\Winevt\Logs\Microsoft-Windows-CertificateServicesClient-Lifecycle-System%4Operational.evtx","1052672","Circular","Microsoft-Windows-CertificateServicesClient-Lifecycle-System","System.String[]",,,"64","0","16","1000",
,,,,,,"Microsoft-Windows-CertificateServicesClient-CredentialRoaming/Operational","Operational","Application","False","False","O:BAG:SYD:(A;;0x2;;;S-1-15-2-1)(A;;0x2;;;S-1-15-3-1024-3153509613-960666767-3724611135-2725662640-12138253-543910227-1950414635-4190290187)(A;;0xf0007;;;SY)(A;;0x7;;;BA)(A;;0x7;;;SO)(A;;0x3;;;IU)(A;;0x3;;;SU)(A;;0x3;;;S-1-5-3)(A;;0x3;;;S-1-5-33)(A;;0x1;;;S-1-5-32-573)","%SystemRoot%\System32\Winevt\Logs\Microsoft-Windows-CertificateServicesClient-CredentialRoaming%4Operational.evtx","1052672","Circular","Microsoft-Windows-CertificateServicesClient-CredentialRoaming","System.String[]",,,"64","0","64","1000",
,,,,,,"Microsoft-Windows-CAPI2/Operational","Operational","Application","False","False","O:BAG:SYD:(A;;0x7;;;BA)(A;;0x2;;;AU)","%SystemRoot%\System32\Winevt\Logs\Microsoft-Windows-CAPI2%4Operational.evtx","1052672","Circular","Microsoft-Windows-CAPI2","System.String[]",,,"64","0","64","1000",
,,,,,,"Microsoft-Windows-Bluetooth-Policy/Operational","Operational","System","False","False","O:BAG:SYD:(A;;0xf0007;;;SY)(A;;0x7;;;BA)(A;;0x3;;;BO)(A;;0x5;;;SO)(A;;0x1;;;IU)(A;;0x3;;;SU)(A;;0x1;;;S-1-5-3)(A;;0x2;;;S-1-5-33)(A;;0x1;;;S-1-5-32-573)","%SystemRoot%\System32\Winevt\Logs\Microsoft-Windows-Bluetooth-Policy%4Operational.evtx","1052672","Circular","Microsoft-Windows-Bluetooth-Policy","System.String[]",,,"64","0","16","1000",
"69632","False","3/25/2024 3:30:57 PM","3/30/2023 8:40:12 AM","0","0","Microsoft-Windows-Bluetooth-MTPEnum/Operational","Operational","System","True","False","O:BAG:SYD:(A;;0xf0007;;;SY)(A;;0x7;;;BA)(A;;0x3;;;BO)(A;;0x5;;;SO)(A;;0x1;;;IU)(A;;0x3;;;SU)(A;;0x1;;;S-1-5-3)(A;;0x2;;;S-1-5-33)(A;;0x1;;;S-1-5-32-573)","%SystemRoot%\System32\Winevt\Logs\Microsoft-Windows-Bluetooth-MTPEnum%4Operational.evtx","1052672","Circular","Microsoft-Windows-Bluetooth-MTPEnum","System.String[]",,,"64","0","16","1000",
,,,,,,"Microsoft-Windows-Bluetooth-Bthmini/Operational","Operational","System","False","False","O:BAG:SYD:(A;;0xf0007;;;SY)(A;;0x7;;;BA)(A;;0x3;;;BO)(A;;0x5;;;SO)(A;;0x1;;;IU)(A;;0x3;;;SU)(A;;0x1;;;S-1-5-3)(A;;0x2;;;S-1-5-33)(A;;0x1;;;S-1-5-32-573)","%SystemRoot%\System32\Winevt\Logs\Microsoft-Windows-Bluetooth-Bthmini%4Operational.evtx","1052672","Circular","Microsoft-Windows-Bluetooth-Bthmini","System.String[]",,,"64","0","16","1000",
"69632","False","3/25/2024 3:30:57 PM","3/30/2023 8:40:12 AM","0","0","Microsoft-Windows-Bluetooth-BthLEPrepairing/Operational","Operational","System","True","False","O:BAG:SYD:(A;;0xf0007;;;SY)(A;;0x7;;;BA)(A;;0x3;;;BO)(A;;0x5;;;SO)(A;;0x1;;;IU)(A;;0x3;;;SU)(A;;0x1;;;S-1-5-3)(A;;0x2;;;S-1-5-33)(A;;0x1;;;S-1-5-32-573)","%SystemRoot%\System32\Winevt\Logs\Microsoft-Windows-Bluetooth-BthLEPrepairing%4Operational.evtx","1052672","Circular","Microsoft-Windows-Bluetooth-BthLEPrepairing","System.String[]",,,"64","0","16","1000",
"1052672","False","3/25/2024 1:20:08 PM","3/25/2024 1:20:08 PM","13276","1231","Microsoft-Windows-Bits-Client/Operational","Operational","System","True","False","O:BAG:SYD:(A;;0xf0007;;;SY)(A;;0x7;;;BA)(A;;0x3;;;BO)(A;;0x5;;;SO)(A;;0x1;;;IU)(A;;0x3;;;SU)(A;;0x1;;;S-1-5-3)(A;;0x2;;;S-1-5-33)(A;;0x1;;;S-1-5-32-573)","%SystemRoot%\System32\Winevt\Logs\Microsoft-Windows-Bits-Client%4Operational.evtx","1052672","Circular","Microsoft-Windows-Bits-Client","System.String[]",,,"64","0","16","1000",
,,,,,,"Microsoft-Windows-Bits-Client/Analytic","Operational","Custom","False","False","O:BAG:SYD:(A;;0x2;;;S-1-15-2-1)(A;;0x2;;;S-1-15-3-1024-3153509613-960666767-3724611135-2725662640-12138253-543910227-1950414635-4190290187)(A;;0xf0007;;;SY)(A;;0x7;;;BA)(A;;0x7;;;SO)(A;;0x3;;;IU)(A;;0x3;;;SU)(A;;0x3;;;S-1-5-3)(A;;0x3;;;S-1-5-33)(A;;0x1;;;S-1-5-32-573)","%SystemRoot%\System32\Winevt\Logs\Microsoft-Windows-Bits-Client%4Analytic.evtx","1052672","Circular","Microsoft-Windows-Bits-Client","System.String[]",,,"64","0","64","1000",
,,,,,,"Microsoft-Windows-BitLocker/BitLocker Operational","Operational","Application","False","False","O:BAG:SYD:(A;;0x2;;;S-1-15-2-1)(A;;0x2;;;S-1-15-3-1024-3153509613-960666767-3724611135-2725662640-12138253-543910227-1950414635-4190290187)(A;;0xf0007;;;SY)(A;;0x7;;;BA)(A;;0x7;;;SO)(A;;0x3;;;IU)(A;;0x3;;;SU)(A;;0x3;;;S-1-5-3)(A;;0x3;;;S-1-5-33)(A;;0x1;;;S-1-5-32-573)","%SystemRoot%\System32\Winevt\Logs\Microsoft-Windows-BitLocker%4BitLocker Operational.evtx","1052672","Circular","Microsoft-Windows-BitLocker-API","System.String[]",,,"64","0","64","1000",
"1052672","False","3/25/2024 1:12:27 PM","3/25/2024 1:12:27 PM","1","102","Microsoft-Windows-BitLocker/BitLocker Management","Operational","Application","True","False","O:BAG:SYD:(A;;0x2;;;S-1-15-2-1)(A;;0x2;;;S-1-15-3-1024-3153509613-960666767-3724611135-2725662640-12138253-543910227-1950414635-4190290187)(A;;0xf0007;;;SY)(A;;0x7;;;BA)(A;;0x7;;;SO)(A;;0x3;;;IU)(A;;0x3;;;SU)(A;;0x3;;;S-1-5-3)(A;;0x3;;;S-1-5-33)(A;;0x1;;;S-1-5-32-573)","%SystemRoot%\System32\Winevt\Logs\Microsoft-Windows-BitLocker%4BitLocker Management.evtx","1052672","Circular","Microsoft-Windows-BitLocker-API","System.String[]",,,"64","0","64","1000",
"1052672","False","3/25/2024 1:12:27 PM","3/25/2024 1:12:27 PM","1","530","Microsoft-Windows-Biometrics/Operational","Operational","System","True","False","O:BAG:SYD:(A;;0xf0007;;;SY)(A;;0x7;;;BA)(A;;0x3;;;BO)(A;;0x5;;;SO)(A;;0x1;;;IU)(A;;0x3;;;SU)(A;;0x1;;;S-1-5-3)(A;;0x2;;;S-1-5-33)(A;;0x1;;;S-1-5-32-573)","%SystemRoot%\System32\Winevt\Logs\Microsoft-Windows-Biometrics%4Operational.evtx","1052672","Circular","Microsoft-Windows-Biometrics","System.String[]",,,"64","0","16","1000",
,,,,,,"Microsoft-Windows-Base-Filtering-Engine-Resource-Flows/Operational","Operational","System","False","False","O:BAG:SYD:(A;;0xf0007;;;SY)(A;;0x7;;;BA)(A;;0x3;;;BO)(A;;0x5;;;SO)(A;;0x1;;;IU)(A;;0x3;;;SU)(A;;0x1;;;S-1-5-3)(A;;0x2;;;S-1-5-33)(A;;0x1;;;S-1-5-32-573)","%SystemRoot%\System32\Winevt\Logs\Microsoft-Windows-Base-Filtering-Engine-Resource-Flows%4Operational.evtx","1052672","Circular","Microsoft-Windows-Base-Filtering-Engine-Resource-Flows","System.String[]",,,"64","0","16","1000",
,,,,,,"Microsoft-Windows-Base-Filtering-Engine-Connections/Operational","Operational","Application","False","False","O:BAG:SYD:(A;;0x2;;;S-1-15-2-1)(A;;0x2;;;S-1-15-3-1024-3153509613-960666767-3724611135-2725662640-12138253-543910227-1950414635-4190290187)(A;;0xf0007;;;SY)(A;;0x7;;;BA)(A;;0x7;;;SO)(A;;0x3;;;IU)(A;;0x3;;;SU)(A;;0x3;;;S-1-5-3)(A;;0x3;;;S-1-5-33)(A;;0x1;;;S-1-5-32-573)","%SystemRoot%\System32\Winevt\Logs\Microsoft-Windows-Base-Filtering-Engine-Connections%4Operational.evtx","1052672","Circular","Microsoft-Windows-Base-Filtering-Engine-Connections","System.String[]",,,"64","0","64","1000",
"69632","False","3/25/2024 3:30:57 PM","3/30/2023 8:40:12 AM","0","0","Microsoft-Windows-Backup","Operational","System","True","False","O:BAG:SYD:(A;;0xf0007;;;SY)(A;;0x7;;;BA)(A;;0x3;;;BO)(A;;0x5;;;SO)(A;;0x1;;;IU)(A;;0x3;;;SU)(A;;0x1;;;S-1-5-3)(A;;0x2;;;S-1-5-33)(A;;0x1;;;S-1-5-32-573)","%SystemRoot%\System32\Winevt\Logs\Microsoft-Windows-Backup.evtx","1052672","Circular","Microsoft-Windows-Backup","System.String[]",,,"64","0","16","1000",
,,,,,,"Microsoft-Windows-BackgroundTransfer-ContentPrefetcher/Operational","Operational","Custom","False","False","O:BAG:SYD:(A;;0xf0007;;;SY)(A;;7;;;BA)(A;;3;;;IU)(A;;3;;;SU)(A;;3;;;S-1-15-2-1)(A;;3;;;S-1-5-33)(A;;1;;;S-1-5-32-573)","%SystemRoot%\System32\Winevt\Logs\Microsoft-Windows-BackgroundTransfer-ContentPrefetcher%4Operational.evtx","1052672","Circular","Microsoft-Windows-BackgroundTransfer-ContentPrefetcher","System.String[]",,,"64","0","64","1000",
"1052672","False","3/25/2024 1:12:27 PM","3/25/2024 12:28:22 PM","1","712","Microsoft-Windows-BackgroundTaskInfrastructure/Operational","Operational","Application","True","False","O:BAG:SYD:(A;;0x2;;;S-1-15-2-1)(A;;0x2;;;S-1-15-3-1024-3153509613-960666767-3724611135-2725662640-12138253-543910227-1950414635-4190290187)(A;;0xf0007;;;SY)(A;;0x7;;;BA)(A;;0x7;;;SO)(A;;0x3;;;IU)(A;;0x3;;;SU)(A;;0x3;;;S-1-5-3)(A;;0x3;;;S-1-5-33)(A;;0x1;;;S-1-5-32-573)","%SystemRoot%\System32\Winevt\Logs\Microsoft-Windows-BackgroundTaskInfrastructure%4Operational.evtx","1052672","Circular","Microsoft-Windows-BrokerInfrastructure","System.String[]",,,"64","0","64","1000",
,,,,,,"Microsoft-Windows-Authentication/ProtectedUserSuccesses-DomainController","Operational","System","False","False","O:BAG:SYD:(A;;0xf0007;;;SY)(A;;0x7;;;BA)(A;;0x3;;;BO)(A;;0x5;;;SO)(A;;0x1;;;IU)(A;;0x3;;;SU)(A;;0x1;;;S-1-5-3)(A;;0x2;;;S-1-5-33)(A;;0x1;;;S-1-5-32-573)","%SystemRoot%\System32\Winevt\Logs\Microsoft-Windows-Authentication%4ProtectedUserSuccesses-DomainController.evtx","1052672","Circular","Microsoft-Windows-AuthenticationProvider","System.String[]",,,"64","0","16","1000",
,,,,,,"Microsoft-Windows-Authentication/ProtectedUserFailures-DomainController","Operational","System","False","False","O:BAG:SYD:(A;;0xf0007;;;SY)(A;;0x7;;;BA)(A;;0x3;;;BO)(A;;0x5;;;SO)(A;;0x1;;;IU)(A;;0x3;;;SU)(A;;0x1;;;S-1-5-3)(A;;0x2;;;S-1-5-33)(A;;0x1;;;S-1-5-32-573)","%SystemRoot%\System32\Winevt\Logs\Microsoft-Windows-Authentication%4ProtectedUserFailures-DomainController.evtx","1052672","Circular","Microsoft-Windows-AuthenticationProvider","System.String[]",,,"64","0","16","1000",
,,,,,,"Microsoft-Windows-Authentication/ProtectedUser-Client","Operational","System","False","False","O:BAG:SYD:(A;;0xf0007;;;SY)(A;;0x7;;;BA)(A;;0x3;;;BO)(A;;0x5;;;SO)(A;;0x1;;;IU)(A;;0x3;;;SU)(A;;0x1;;;S-1-5-3)(A;;0x2;;;S-1-5-33)(A;;0x1;;;S-1-5-32-573)","%SystemRoot%\System32\Winevt\Logs\Microsoft-Windows-Authentication%4ProtectedUser-Client.evtx","1052672","Circular","Microsoft-Windows-AuthenticationProvider","System.String[]",,,"64","0","16","1000",
,,,,,,"Microsoft-Windows-Authentication/AuthenticationPolicyFailures-DomainController","Operational","System","False","False","O:BAG:SYD:(A;;0xf0007;;;SY)(A;;0x7;;;BA)(A;;0x3;;;BO)(A;;0x5;;;SO)(A;;0x1;;;IU)(A;;0x3;;;SU)(A;;0x1;;;S-1-5-3)(A;;0x2;;;S-1-5-33)(A;;0x1;;;S-1-5-32-573)","%SystemRoot%\System32\Winevt\Logs\Microsoft-Windows-Authentication%4AuthenticationPolicyFailures-DomainController.evtx","1052672","Circular","Microsoft-Windows-AuthenticationProvider","System.String[]",,,"64","0","16","1000",
"69632","False","3/25/2024 3:30:57 PM","2/2/2024 11:09:32 PM","1","8","Microsoft-Windows-Authentication User Interface/Operational","Operational","Application","True","False","O:BAG:SYD:(A;;0x2;;;S-1-15-2-1)(A;;0x2;;;S-1-15-3-1024-3153509613-960666767-3724611135-2725662640-12138253-543910227-1950414635-4190290187)(A;;0xf0007;;;SY)(A;;0x7;;;BA)(A;;0x7;;;SO)(A;;0x3;;;IU)(A;;0x3;;;SU)(A;;0x3;;;S-1-5-3)(A;;0x3;;;S-1-5-33)(A;;0x1;;;S-1-5-32-573)","%SystemRoot%\System32\Winevt\Logs\Microsoft-Windows-Authentication User Interface%4Operational.evtx","1052672","Circular","Microsoft-Windows-Shell-AuthUI","System.String[]",,,"64","0","64","1000",
"1052672","False","3/25/2024 1:36:33 PM","3/25/2024 1:36:33 PM","1","841","Microsoft-Windows-Audio/PlaybackManager","Operational","Application","True","False","O:BAG:SYD:(A;;0x2;;;S-1-15-2-1)(A;;0x2;;;S-1-15-3-1024-3153509613-960666767-3724611135-2725662640-12138253-543910227-1950414635-4190290187)(A;;0xf0007;;;SY)(A;;0x7;;;BA)(A;;0x7;;;SO)(A;;0x3;;;IU)(A;;0x3;;;SU)(A;;0x3;;;S-1-5-3)(A;;0x3;;;S-1-5-33)(A;;0x1;;;S-1-5-32-573)","%SystemRoot%\System32\Winevt\Logs\Microsoft-Windows-Audio%4PlaybackManager.evtx","1052672","Circular","Microsoft-Windows-Audio","System.String[]",,,"64","0","64","1000",
"1052672","False","3/25/2024 3:03:58 PM","3/25/2024 3:03:58 PM","3000","1761","Microsoft-Windows-Audio/Operational","Operational","System","True","False","O:BAG:SYD:(A;;0xf0007;;;SY)(A;;0x7;;;BA)(A;;0x3;;;BO)(A;;0x5;;;SO)(A;;0x1;;;IU)(A;;0x3;;;SU)(A;;0x1;;;S-1-5-3)(A;;0x2;;;S-1-5-33)(A;;0x1;;;S-1-5-32-573)","%SystemRoot%\System32\Winevt\Logs\Microsoft-Windows-Audio%4Operational.evtx","1052672","Circular","Microsoft-Windows-Audio","System.String[]",,,"64","0","16","1000",
,,,,,,"Microsoft-Windows-Audio/Informational","Operational","System","False","False","O:BAG:SYD:(A;;0xf0007;;;SY)(A;;0x7;;;BA)(A;;0x3;;;BO)(A;;0x5;;;SO)(A;;0x1;;;IU)(A;;0x3;;;SU)(A;;0x1;;;S-1-5-3)(A;;0x2;;;S-1-5-33)(A;;0x1;;;S-1-5-32-573)","%SystemRoot%\System32\Winevt\Logs\Microsoft-Windows-Audio%4Informational.evtx","1052672","Circular","Microsoft-Windows-Audio","System.String[]",,,"64","0","16","1000",
,,,,,,"Microsoft-Windows-Audio/GlitchDetection","Operational","System","False","False","O:BAG:SYD:(A;;0xf0007;;;SY)(A;;0x7;;;BA)(A;;0x3;;;BO)(A;;0x5;;;SO)(A;;0x1;;;IU)(A;;0x3;;;SU)(A;;0x1;;;S-1-5-3)(A;;0x2;;;S-1-5-33)(A;;0x1;;;S-1-5-32-573)","%SystemRoot%\System32\Winevt\Logs\Microsoft-Windows-Audio%4GlitchDetection.evtx","1052672","Circular","Microsoft-Windows-Audio","System.String[]",,,"64","0","16","1000",
"69632","False","3/25/2024 3:30:57 PM","3/30/2023 8:40:12 AM","0","0","Microsoft-Windows-Audio/CaptureMonitor","Operational","System","True","False","O:BAG:SYD:(A;;0xf0007;;;SY)(A;;0x7;;;BA)(A;;0x3;;;BO)(A;;0x5;;;SO)(A;;0x1;;;IU)(A;;0x3;;;SU)(A;;0x1;;;S-1-5-3)(A;;0x2;;;S-1-5-33)(A;;0x1;;;S-1-5-32-573)","%SystemRoot%\System32\Winevt\Logs\Microsoft-Windows-Audio%4CaptureMonitor.evtx","1052672","Circular","Microsoft-Windows-Audio","System.String[]",,,"64","0","16","1000",
,,,,,,"Microsoft-Windows-ASN1/Operational","Operational","Application","False","False","O:BAG:SYD:(A;;0x7;;;BA)(A;;0x2;;;AU)","%SystemRoot%\System32\Winevt\Logs\Microsoft-Windows-ASN1%4Operational.evtx","1052672","Circular","Microsoft-Windows-ASN1","System.String[]",,,"64","0","64","1000",
"1052672","False","3/25/2024 1:12:27 PM","3/25/2024 12:33:22 PM","9305","1873","Microsoft-Windows-AppxPackaging/Operational","Operational","Application","True","False","O:BAG:SYD:(A;;0x2;;;S-1-15-2-1)(A;;0x2;;;S-1-15-3-1024-3153509613-960666767-3724611135-2725662640-12138253-543910227-1950414635-4190290187)(A;;0xf0007;;;SY)(A;;0x7;;;BA)(A;;0x7;;;SO)(A;;0x3;;;IU)(A;;0x3;;;SU)(A;;0x3;;;S-1-5-3)(A;;0x3;;;S-1-5-33)(A;;0x1;;;S-1-5-32-573)","%SystemRoot%\System32\Winevt\Logs\Microsoft-Windows-AppxPackaging%4Operational.evtx","1052672","Circular","Microsoft-Windows-AppxPackagingOM","System.String[]",,,"64","0","64","1000",
"1052672","False","3/25/2024 1:15:28 PM","3/23/2024 7:01:26 PM","1","105","Microsoft-Windows-AppXDeploymentServer/Restricted","Operational","System","True","False","O:BAG:SYD:(A;;0x5;;;BA)","%SystemRoot%\System32\Winevt\Logs\Microsoft-Windows-AppXDeploymentServer%4Restricted.evtx","1052672","Retain","Microsoft-Windows-AppXDeployment-Server","System.String[]",,,"64","0","16","1000",
"5246976","False","3/25/2024 3:25:02 PM","3/25/2024 3:25:02 PM","51234","3811","Microsoft-Windows-AppXDeploymentServer/Operational","Operational","Application","True","False","O:BAG:SYD:(A;;0x2;;;S-1-15-2-1)(A;;0x2;;;S-1-15-3-1024-3153509613-960666767-3724611135-2725662640-12138253-543910227-1950414635-4190290187)(A;;0xf0007;;;SY)(A;;0x7;;;BA)(A;;0x7;;;SO)(A;;0x3;;;IU)(A;;0x3;;;SU)(A;;0x3;;;S-1-5-3)(A;;0x3;;;S-1-5-33)(A;;0x1;;;S-1-5-32-573)","%SystemRoot%\System32\Winevt\Logs\Microsoft-Windows-AppXDeploymentServer%4Operational.evtx","5242880","Circular","Microsoft-Windows-AppXDeployment-Server","System.String[]",,,"64","0","64","1000",
"1052672","False","3/25/2024 1:12:27 PM","3/25/2024 12:23:22 PM","1","978","Microsoft-Windows-AppXDeployment/Operational","Operational","Application","True","False","O:BAG:SYD:(A;;0x2;;;S-1-15-2-1)(A;;0x2;;;S-1-15-3-1024-3153509613-960666767-3724611135-2725662640-12138253-543910227-1950414635-4190290187)(A;;0xf0007;;;SY)(A;;0x7;;;BA)(A;;0x7;;;SO)(A;;0x3;;;IU)(A;;0x3;;;SU)(A;;0x3;;;S-1-5-3)(A;;0x3;;;S-1-5-33)(A;;0x1;;;S-1-5-32-573)","%SystemRoot%\System32\Winevt\Logs\Microsoft-Windows-AppXDeployment%4Operational.evtx","1052672","Circular","Microsoft-Windows-AppXDeployment","System.String[]",,,"64","0","64","1000",
"69632","False","3/25/2024 3:30:57 PM","3/25/2024 1:12:27 PM","1","91","Microsoft-Windows-AppXDeployment-Server/Operational","Operational","Application","True","False","O:BAG:SYD:(A;;0x2;;;S-1-15-2-1)(A;;0x2;;;S-1-15-3-1024-3153509613-960666767-3724611135-2725662640-12138253-543910227-1950414635-4190290187)(A;;0xf0007;;;SY)(A;;0x7;;;BA)(A;;0x7;;;SO)(A;;0x3;;;IU)(A;;0x3;;;SU)(A;;0x3;;;S-1-5-3)(A;;0x3;;;S-1-5-33)(A;;0x1;;;S-1-5-32-573)","%SystemRoot%\System32\Winevt\Logs\Microsoft-Windows-AppXDeployment-Server%4Operational.evtx","5242880","Circular","Microsoft-Windows-AppXDeployment-Server-UndockedDeh","System.String[]",,,"64","0","64","1000",
"1118208","False","3/25/2024 1:12:27 PM","3/25/2024 1:12:27 PM","1","512","Microsoft-Windows-AppReadiness/Operational","Operational","Application","True","False","O:BAG:SYD:(A;;0x2;;;S-1-15-2-1)(A;;0x2;;;S-1-15-3-1024-3153509613-960666767-3724611135-2725662640-12138253-543910227-1950414635-4190290187)(A;;0xf0007;;;SY)(A;;0x7;;;BA)(A;;0x7;;;SO)(A;;0x3;;;IU)(A;;0x3;;;SU)(A;;0x3;;;S-1-5-3)(A;;0x3;;;S-1-5-33)(A;;0x1;;;S-1-5-32-573)","%SystemRoot%\System32\Winevt\Logs\Microsoft-Windows-AppReadiness%4Operational.evtx","5242880","Circular","Microsoft-Windows-AppReadiness","System.String[]",,,"64","0","64","1000",
"2166784","False","3/25/2024 1:12:27 PM","3/25/2024 1:12:27 PM","1","2348","Microsoft-Windows-AppReadiness/Admin","Administrative","Application","True","False","O:BAG:SYD:(A;;0x2;;;S-1-15-2-1)(A;;0x2;;;S-1-15-3-1024-3153509613-960666767-3724611135-2725662640-12138253-543910227-1950414635-4190290187)(A;;0xf0007;;;SY)(A;;0x7;;;BA)(A;;0x7;;;SO)(A;;0x3;;;IU)(A;;0x3;;;SU)(A;;0x3;;;S-1-5-3)(A;;0x3;;;S-1-5-33)(A;;0x1;;;S-1-5-32-573)","%SystemRoot%\System32\Winevt\Logs\Microsoft-Windows-AppReadiness%4Admin.evtx","5242880","Circular","Microsoft-Windows-AppReadiness","System.String[]",,,"64","0","64","1000",
"1052672","False","3/25/2024 3:27:55 PM","3/25/2024 3:27:55 PM","14167","1597","Microsoft-Windows-AppModel-Runtime/Admin","Administrative","Application","True","False","O:BAG:SYD:(A;;0x2;;;S-1-15-2-1)(A;;0x2;;;S-1-15-3-1024-3153509613-960666767-3724611135-2725662640-12138253-543910227-1950414635-4190290187)(A;;0xf0007;;;SY)(A;;0x7;;;BA)(A;;0x7;;;SO)(A;;0x3;;;IU)(A;;0x3;;;SU)(A;;0x3;;;S-1-5-3)(A;;0x3;;;S-1-5-33)(A;;0x1;;;S-1-5-32-573)","%SystemRoot%\System32\Winevt\Logs\Microsoft-Windows-AppModel-Runtime%4Admin.evtx","1052672","Circular","Microsoft-Windows-AppModel-Runtime","System.String[]",,,"64","0","64","1000",
"69632","False","3/25/2024 3:30:57 PM","3/30/2023 8:40:12 AM","0","0","Microsoft-Windows-AppLocker/Packaged app-Execution","Operational","System","True","False","O:BAG:SYD:(A;;0xf0007;;;SY)(A;;0x7;;;BA)(A;;0x3;;;BO)(A;;0x5;;;SO)(A;;0x1;;;IU)(A;;0x3;;;SU)(A;;0x1;;;S-1-5-3)(A;;0x2;;;S-1-5-33)(A;;0x1;;;S-1-5-32-573)","%SystemRoot%\System32\Winevt\Logs\Microsoft-Windows-AppLocker%4Packaged app-Execution.evtx","1052672","Circular","Microsoft-Windows-AppLocker","System.String[]",,,"64","0","16","1000",
"69632","False","3/25/2024 3:30:57 PM","3/30/2023 8:40:12 AM","0","0","Microsoft-Windows-AppLocker/Packaged app-Deployment","Operational","Application","True","False","O:BAG:SYD:(A;;0x2;;;S-1-15-2-1)(A;;0x2;;;S-1-15-3-1024-3153509613-960666767-3724611135-2725662640-12138253-543910227-1950414635-4190290187)(A;;0xf0007;;;SY)(A;;0x7;;;BA)(A;;0x7;;;SO)(A;;0x3;;;IU)(A;;0x3;;;SU)(A;;0x3;;;S-1-5-3)(A;;0x3;;;S-1-5-33)(A;;0x1;;;S-1-5-32-573)","%SystemRoot%\System32\Winevt\Logs\Microsoft-Windows-AppLocker%4Packaged app-Deployment.evtx","1052672","Circular","Microsoft-Windows-AppLocker","System.String[]",,,"64","0","64","1000",
"69632","False","3/25/2024 3:30:57 PM","9/14/2023 9:30:46 PM","1","34","Microsoft-Windows-AppLocker/MSI and Script","Operational","Application","True","False","O:BAG:SYD:(A;;0x2;;;S-1-15-2-1)(A;;0x2;;;S-1-15-3-1024-3153509613-960666767-3724611135-2725662640-12138253-543910227-1950414635-4190290187)(A;;0xf0007;;;SY)(A;;0x7;;;BA)(A;;0x7;;;SO)(A;;0x3;;;IU)(A;;0x3;;;SU)(A;;0x3;;;S-1-5-3)(A;;0x3;;;S-1-5-33)(A;;0x1;;;S-1-5-32-573)","%SystemRoot%\System32\Winevt\Logs\Microsoft-Windows-AppLocker%4MSI and Script.evtx","1052672","Circular","Microsoft-Windows-AppLocker","System.String[]",,,"64","0","64","1000",
"1052672","False","3/25/2024 1:12:27 PM","9/14/2023 9:32:43 PM","12194","1490","Microsoft-Windows-AppLocker/EXE and DLL","Operational","System","True","False","O:BAG:SYD:(A;;0xf0007;;;SY)(A;;0x7;;;BA)(A;;0x3;;;BO)(A;;0x5;;;SO)(A;;0x1;;;IU)(A;;0x3;;;SU)(A;;0x1;;;S-1-5-3)(A;;0x2;;;S-1-5-33)(A;;0x1;;;S-1-5-32-573)","%SystemRoot%\System32\Winevt\Logs\Microsoft-Windows-AppLocker%4EXE and DLL.evtx","1052672","Circular","Microsoft-Windows-AppLocker","System.String[]",,,"64","0","16","1000",
"69632","False","3/25/2024 3:30:57 PM","3/30/2023 8:40:12 AM","0","0","Microsoft-Windows-Application-Experience/Steps-Recorder","Operational","Application","True","False","O:BAG:SYD:(A;;0x2;;;S-1-15-2-1)(A;;0x2;;;S-1-15-3-1024-3153509613-960666767-3724611135-2725662640-12138253-543910227-1950414635-4190290187)(A;;0xf0007;;;SY)(A;;0x7;;;BA)(A;;0x7;;;SO)(A;;0x3;;;IU)(A;;0x3;;;SU)(A;;0x3;;;S-1-5-3)(A;;0x3;;;S-1-5-33)(A;;0x1;;;S-1-5-32-573)","%SystemRoot%\System32\Winevt\Logs\Microsoft-Windows-Application-Experience%4Steps-Recorder.evtx","1052672","Circular","Microsoft-Windows-Application-Experience","System.String[]",,,"64","0","64","1000",
"1052672","False","3/25/2024 1:41:33 PM","3/25/2024 1:41:33 PM","8613","1513","Microsoft-Windows-Application-Experience/Program-Telemetry","Operational","Application","True","False","O:BAG:SYD:(A;;0x2;;;S-1-15-2-1)(A;;0x2;;;S-1-15-3-1024-3153509613-960666767-3724611135-2725662640-12138253-543910227-1950414635-4190290187)(A;;0xf0007;;;SY)(A;;0x7;;;BA)(A;;0x7;;;SO)(A;;0x3;;;IU)(A;;0x3;;;SU)(A;;0x3;;;S-1-5-3)(A;;0x3;;;S-1-5-33)(A;;0x1;;;S-1-5-32-573)","%SystemRoot%\System32\Winevt\Logs\Microsoft-Windows-Application-Experience%4Program-Telemetry.evtx","1052672","Circular","Microsoft-Windows-Application-Experience","System.String[]",,,"64","0","64","1000",
"69632","False","3/25/2024 3:30:57 PM","3/30/2023 8:40:12 AM","0","0","Microsoft-Windows-Application-Experience/Program-Inventory","Operational","Application","True","False","O:BAG:SYD:(A;;0x2;;;S-1-15-2-1)(A;;0x2;;;S-1-15-3-1024-3153509613-960666767-3724611135-2725662640-12138253-543910227-1950414635-4190290187)(A;;0xf0007;;;SY)(A;;0x7;;;BA)(A;;0x7;;;SO)(A;;0x3;;;IU)(A;;0x3;;;SU)(A;;0x3;;;S-1-5-3)(A;;0x3;;;S-1-5-33)(A;;0x1;;;S-1-5-32-573)","%SystemRoot%\System32\Winevt\Logs\Microsoft-Windows-Application-Experience%4Program-Inventory.evtx","1052672","Circular","Microsoft-Windows-Application-Experience","System.String[]",,,"64","0","64","1000",
"69632","False","3/25/2024 3:30:57 PM","3/30/2023 8:40:12 AM","0","0","Microsoft-Windows-Application-Experience/Program-Compatibility-Troubleshooter","Operational","Application","True","False","O:BAG:SYD:(A;;0x2;;;S-1-15-2-1)(A;;0x2;;;S-1-15-3-1024-3153509613-960666767-3724611135-2725662640-12138253-543910227-1950414635-4190290187)(A;;0xf0007;;;SY)(A;;0x7;;;BA)(A;;0x7;;;SO)(A;;0x3;;;IU)(A;;0x3;;;SU)(A;;0x3;;;S-1-5-3)(A;;0x3;;;S-1-5-33)(A;;0x1;;;S-1-5-32-573)","%SystemRoot%\System32\Winevt\Logs\Microsoft-Windows-Application-Experience%4Program-Compatibility-Troubleshooter.evtx","1052672","Circular","Microsoft-Windows-Application-Experience","System.String[]",,,"64","0","64","1000",
"1052672","False","3/25/2024 1:20:08 PM","3/25/2024 1:20:08 PM","1","449","Microsoft-Windows-Application-Experience/Program-Compatibility-Assistant","Operational","Application","True","False","O:BAG:SYD:(A;;0x2;;;S-1-15-2-1)(A;;0x2;;;S-1-15-3-1024-3153509613-960666767-3724611135-2725662640-12138253-543910227-1950414635-4190290187)(A;;0xf0007;;;SY)(A;;0x7;;;BA)(A;;0x7;;;SO)(A;;0x3;;;IU)(A;;0x3;;;SU)(A;;0x3;;;S-1-5-3)(A;;0x3;;;S-1-5-33)(A;;0x1;;;S-1-5-32-573)","%SystemRoot%\System32\Winevt\Logs\Microsoft-Windows-Application-Experience%4Program-Compatibility-Assistant.evtx","1052672","Circular","Microsoft-Windows-Application-Experience","System.String[]",,,"64","0","64","1000",
"69632","False","3/25/2024 3:30:57 PM","3/30/2023 8:40:12 AM","0","0","Microsoft-Windows-Application Server-Applications/Operational","Operational","Application","True","False","O:BAG:SYD:(A;;0x2;;;S-1-15-2-1)(A;;0x2;;;S-1-15-3-1024-3153509613-960666767-3724611135-2725662640-12138253-543910227-1950414635-4190290187)(A;;0xf0007;;;SY)(A;;0x7;;;BA)(A;;0x7;;;SO)(A;;0x3;;;IU)(A;;0x3;;;SU)(A;;0x3;;;S-1-5-3)(A;;0x3;;;S-1-5-33)(A;;0x1;;;S-1-5-32-573)","%SystemRoot%\System32\Winevt\Logs\Microsoft-Windows-Application Server-Applications%4Operational.evtx","1052672","Circular","Microsoft-Windows-Application Server-Applications","System.String[]",,,"64","0","64","1000",
"69632","False","3/25/2024 3:30:57 PM","3/30/2023 8:40:12 AM","0","0","Microsoft-Windows-Application Server-Applications/Admin","Administrative","Application","True","False","O:BAG:SYD:(A;;0x2;;;S-1-15-2-1)(A;;0x2;;;S-1-15-3-1024-3153509613-960666767-3724611135-2725662640-12138253-543910227-1950414635-4190290187)(A;;0xf0007;;;SY)(A;;0x7;;;BA)(A;;0x7;;;SO)(A;;0x3;;;IU)(A;;0x3;;;SU)(A;;0x3;;;S-1-5-3)(A;;0x3;;;S-1-5-33)(A;;0x1;;;S-1-5-32-573)","%SystemRoot%\System32\Winevt\Logs\Microsoft-Windows-Application Server-Applications%4Admin.evtx","1052672","Circular","Microsoft-Windows-Application Server-Applications","System.String[]",,,"64","0","64","1000",
"69632","False","3/25/2024 3:30:57 PM","3/30/2023 8:40:12 AM","0","0","Microsoft-Windows-ApplicabilityEngine/Operational","Operational","Application","True","False","O:BAG:SYD:(A;;0x2;;;S-1-15-2-1)(A;;0x2;;;S-1-15-3-1024-3153509613-960666767-3724611135-2725662640-12138253-543910227-1950414635-4190290187)(A;;0xf0007;;;SY)(A;;0x7;;;BA)(A;;0x7;;;SO)(A;;0x3;;;IU)(A;;0x3;;;SU)(A;;0x3;;;S-1-5-3)(A;;0x3;;;S-1-5-33)(A;;0x1;;;S-1-5-32-573)","%SystemRoot%\System32\Winevt\Logs\Microsoft-Windows-ApplicabilityEngine%4Operational.evtx","1052672","Circular","Microsoft-Windows-ApplicabilityEngine","System.String[]",,,"64","0","64","1000",
"1052672","False","3/25/2024 1:12:27 PM","3/25/2024 1:12:27 PM","1","471","Microsoft-Windows-AppID/Operational","Operational","System","True","False","O:BAG:SYD:(A;;0xf0007;;;SY)(A;;0x7;;;BA)(A;;0x3;;;BO)(A;;0x5;;;SO)(A;;0x1;;;IU)(A;;0x3;;;SU)(A;;0x1;;;S-1-5-3)(A;;0x2;;;S-1-5-33)(A;;0x1;;;S-1-5-32-573)","%SystemRoot%\System32\Winevt\Logs\Microsoft-Windows-AppID%4Operational.evtx","1052672","Circular","Microsoft-Windows-AppID","System.String[]",,,"64","0","16","1000",
"69632","False","3/25/2024 3:30:57 PM","3/30/2023 8:40:12 AM","0","0","Microsoft-Windows-AppHost/Admin","Administrative","Application","True","False","O:BAG:SYD:(A;;0x2;;;S-1-15-2-1)(A;;0x2;;;S-1-15-3-1024-3153509613-960666767-3724611135-2725662640-12138253-543910227-1950414635-4190290187)(A;;0xf0007;;;SY)(A;;0x7;;;BA)(A;;0x7;;;SO)(A;;0x3;;;IU)(A;;0x3;;;SU)(A;;0x3;;;S-1-5-3)(A;;0x3;;;S-1-5-33)(A;;0x1;;;S-1-5-32-573)","%SystemRoot%\System32\Winevt\Logs\Microsoft-Windows-AppHost%4Admin.evtx","1052672","Circular","Microsoft-Windows-AppHost","System.String[]",,,"64","0","64","1000",
"69632","False","3/25/2024 3:30:57 PM","10/9/2023 6:52:54 PM","1","16","Microsoft-Windows-AllJoyn/Operational","Operational","Application","True","False","O:BAG:SYD:(A;;0x2;;;S-1-15-2-1)(A;;0x2;;;S-1-15-3-1024-3153509613-960666767-3724611135-2725662640-12138253-543910227-1950414635-4190290187)(A;;0xf0007;;;SY)(A;;0x7;;;BA)(A;;0x7;;;SO)(A;;0x3;;;IU)(A;;0x3;;;SU)(A;;0x3;;;S-1-5-3)(A;;0x3;;;S-1-5-33)(A;;0x1;;;S-1-5-32-573)","%SystemRoot%\System32\Winevt\Logs\Microsoft-Windows-AllJoyn%4Operational.evtx","1052672","Circular","Microsoft-Windows-AllJoyn","System.String[]",,,"64","0","64","1000",
"69632","False","3/25/2024 3:30:57 PM","3/30/2023 8:40:12 AM","0","0","Microsoft-Windows-All-User-Install-Agent/Admin","Administrative","Application","True","False","O:BAG:SYD:(A;;0x2;;;S-1-15-2-1)(A;;0x2;;;S-1-15-3-1024-3153509613-960666767-3724611135-2725662640-12138253-543910227-1950414635-4190290187)(A;;0xf0007;;;SY)(A;;0x7;;;BA)(A;;0x7;;;SO)(A;;0x3;;;IU)(A;;0x3;;;SU)(A;;0x3;;;S-1-5-3)(A;;0x3;;;S-1-5-33)(A;;0x1;;;S-1-5-32-573)","%SystemRoot%\System32\Winevt\Logs\Microsoft-Windows-All-User-Install-Agent%4Admin.evtx","1052672","Circular","Microsoft-Windows-All-User-Install-Agent","System.String[]",,,"64","0","64","1000",
"69632","False","3/25/2024 3:30:57 PM","11/26/2023 10:42:13 AM","1","32","Microsoft-Windows-AAD/Operational","Operational","Application","True","False","O:BAG:SYD:(A;;0x2;;;S-1-15-2-1)(A;;0x2;;;S-1-15-3-1024-3153509613-960666767-3724611135-2725662640-12138253-543910227-1950414635-4190290187)(A;;0xf0007;;;SY)(A;;0x7;;;BA)(A;;0x7;;;SO)(A;;0x3;;;IU)(A;;0x3;;;SU)(A;;0x3;;;S-1-5-3)(A;;0x3;;;S-1-5-33)(A;;0x1;;;S-1-5-32-573)","%SystemRoot%\System32\Winevt\Logs\Microsoft-Windows-AAD%4Operational.evtx","1052672","Circular","Microsoft-Windows-AAD","System.String[]",,,"64","0","64","1000",
"69632","False","3/25/2024 3:30:57 PM","3/30/2023 8:40:12 AM","0","0","Microsoft-System-Diagnostics-DiagnosticInvoker/Operational","Operational","Application","True","False","O:BAG:SYD:(A;;0x2;;;S-1-15-2-1)(A;;0x2;;;S-1-15-3-1024-3153509613-960666767-3724611135-2725662640-12138253-543910227-1950414635-4190290187)(A;;0xf0007;;;SY)(A;;0x7;;;BA)(A;;0x7;;;SO)(A;;0x3;;;IU)(A;;0x3;;;SU)(A;;0x3;;;S-1-5-3)(A;;0x3;;;S-1-5-33)(A;;0x1;;;S-1-5-32-573)","%SystemRoot%\System32\Winevt\Logs\Microsoft-System-Diagnostics-DiagnosticInvoker%4Operational.evtx","1052672","Circular","Microsoft-System-Diagnostics-DiagnosticInvoker","System.String[]",,,"64","0","64","1000",
"1052672","False","3/25/2024 3:31:35 PM","3/25/2024 3:31:35 PM","4079","2271","Microsoft-Client-Licensing-Platform/Admin","Administrative","Application","True","False","O:BAG:SYD:(A;;0x2;;;S-1-15-2-1)(A;;0x2;;;S-1-15-3-1024-3153509613-960666767-3724611135-2725662640-12138253-543910227-1950414635-4190290187)(A;;0xf0007;;;SY)(A;;0x7;;;BA)(A;;0x7;;;SO)(A;;0x3;;;IU)(A;;0x3;;;SU)(A;;0x3;;;S-1-5-3)(A;;0x3;;;S-1-5-33)(A;;0x1;;;S-1-5-32-573)","%SystemRoot%\System32\Winevt\Logs\Microsoft-Client-Licensing-Platform%4Admin.evtx","1052672","Circular","Microsoft-Client-Licensing-Platform","System.String[]",,,"64","0","64","1000",
,,,,,,"Intel-iaLPSS2-UART2/Analytic","Operational","Application","False","False","O:BAG:SYD:(A;;0xf0007;;;SY)(A;;0x7;;;BA)(A;;0x3;;;BO)(A;;0x5;;;SO)(A;;0x1;;;IU)(A;;0x3;;;SU)(A;;0x1;;;S-1-5-3)(A;;0x2;;;S-1-5-33)(A;;0x1;;;S-1-5-32-573)","%SystemRoot%\System32\Winevt\Logs\Intel-iaLPSS2-UART2%4Analytic.evtx","1052672","Circular","Intel-iaLPSS2-UART2","System.String[]",,,"64","0","64","1000",
,,,,,,"Intel-iaLPSS2-SPI/Performance","Operational","Application","False","False","O:BAG:SYD:(A;;0xf0007;;;SY)(A;;0x7;;;BA)(A;;0x3;;;BO)(A;;0x5;;;SO)(A;;0x1;;;IU)(A;;0x3;;;SU)(A;;0x1;;;S-1-5-3)(A;;0x2;;;S-1-5-33)(A;;0x1;;;S-1-5-32-573)","%SystemRoot%\System32\Winevt\Logs\Intel-iaLPSS2-SPI%4Performance.evtx","1052672","Circular","Intel-iaLPSS2-SPI","System.String[]",,,"64","0","64","1000",
,,,,,,"Intel-iaLPSS2-SPI/Debug","Operational","Application","False","False","O:BAG:SYD:(A;;0xf0007;;;SY)(A;;0x7;;;BA)(A;;0x3;;;BO)(A;;0x5;;;SO)(A;;0x1;;;IU)(A;;0x3;;;SU)(A;;0x1;;;S-1-5-3)(A;;0x2;;;S-1-5-33)(A;;0x1;;;S-1-5-32-573)","%SystemRoot%\System32\Winevt\Logs\Intel-iaLPSS2-SPI%4Debug.evtx","1052672","Circular","Intel-iaLPSS2-SPI","System.String[]",,,"64","0","64","1000",
,,,,,,"Intel-iaLPSS2-I2C/Performance","Operational","Application","False","False","O:BAG:SYD:(A;;0xf0007;;;SY)(A;;0x7;;;BA)(A;;0x3;;;BO)(A;;0x5;;;SO)(A;;0x1;;;IU)(A;;0x3;;;SU)(A;;0x1;;;S-1-5-3)(A;;0x2;;;S-1-5-33)(A;;0x1;;;S-1-5-32-573)","%SystemRoot%\System32\Winevt\Logs\Intel-iaLPSS2-I2C%4Performance.evtx","1052672","Circular","Intel-iaLPSS2-I2C","System.String[]",,,"64","0","64","1000",
,,,,,,"Intel-iaLPSS2-I2C/Debug","Operational","Application","False","False","O:BAG:SYD:(A;;0xf0007;;;SY)(A;;0x7;;;BA)(A;;0x3;;;BO)(A;;0x5;;;SO)(A;;0x1;;;IU)(A;;0x3;;;SU)(A;;0x1;;;S-1-5-3)(A;;0x2;;;S-1-5-33)(A;;0x1;;;S-1-5-32-573)","%SystemRoot%\System32\Winevt\Logs\Intel-iaLPSS2-I2C%4Debug.evtx","1052672","Circular","Intel-iaLPSS2-I2C","System.String[]",,,"64","0","64","1000",
,,,,,,"Intel-iaLPSS2-GPIO2/Performance","Operational","Application","False","False","O:BAG:SYD:(A;;0xf0007;;;SY)(A;;0x7;;;BA)(A;;0x3;;;BO)(A;;0x5;;;SO)(A;;0x1;;;IU)(A;;0x3;;;SU)(A;;0x1;;;S-1-5-3)(A;;0x2;;;S-1-5-33)(A;;0x1;;;S-1-5-32-573)","%SystemRoot%\System32\Winevt\Logs\Intel-iaLPSS2-GPIO2%4Performance.evtx","1052672","Circular","Intel-iaLPSS2-GPIO2","System.String[]",,,"64","0","64","1000",
,,,,,,"Intel-iaLPSS2-GPIO2/Debug","Operational","Application","False","False","O:BAG:SYD:(A;;0xf0007;;;SY)(A;;0x7;;;BA)(A;;0x3;;;BO)(A;;0x5;;;SO)(A;;0x1;;;IU)(A;;0x3;;;SU)(A;;0x1;;;S-1-5-3)(A;;0x2;;;S-1-5-33)(A;;0x1;;;S-1-5-32-573)","%SystemRoot%\System32\Winevt\Logs\Intel-iaLPSS2-GPIO2%4Debug.evtx","1052672","Circular","Intel-iaLPSS2-GPIO2","System.String[]",,,"64","0","64","1000",
"69632","False","3/25/2024 3:30:57 PM","3/30/2023 8:40:12 AM","0","0","Intel-GFX-Info/System","Administrative","System","True","False","O:BAG:SYD:(A;;0xf0007;;;SY)(A;;0x7;;;BA)(A;;0x3;;;BO)(A;;0x5;;;SO)(A;;0x1;;;IU)(A;;0x3;;;SU)(A;;0x1;;;S-1-5-3)(A;;0x2;;;S-1-5-33)(A;;0x1;;;S-1-5-32-573)","%SystemRoot%\System32\Winevt\Logs\Intel-GFX-Info%4System.evtx","20971520","Circular","Intel-GFX-Info","System.String[]",,,"64","0","16","1000",
"69632","False","3/25/2024 3:30:57 PM","3/19/2024 11:58:20 AM","1","32","Intel-GFX-Info/Application","Administrative","Application","True","False","O:BAG:SYD:(A;;0x2;;;S-1-15-2-1)(A;;0xf0007;;;SY)(A;;0x7;;;BA)(A;;0x7;;;SO)(A;;0x3;;;IU)(A;;0x3;;;SU)(A;;0x3;;;S-1-5-3)(A;;0x3;;;S-1-5-33)(A;;0x1;;;S-1-5-32-573)","%SystemRoot%\System32\Winevt\Logs\Intel-GFX-Info%4Application.evtx","20971520","Circular","Intel-GFX-Info","System.String[]",,,"64","0","64","1000",
,,,,,,"ForwardedEvents","Operational","Custom","False","False","O:BAG:SYD:(A;;0x2;;;S-1-15-2-1)(A;;0x2;;;S-1-15-3-1024-3153509613-960666767-3724611135-2725662640-12138253-543910227-1950414635-4190290187)(A;;0xf0007;;;SY)(A;;0x7;;;BA)(A;;0x7;;;SO)(A;;0x3;;;IU)(A;;0x3;;;SU)(A;;0x3;;;S-1-5-3)(A;;0x3;;;S-1-5-33)(A;;0x1;;;S-1-5-32-573)","%SystemRoot%\System32\Winevt\Logs\ForwardedEvents.evtx","20971520","Circular","Microsoft-Windows-EventCollector","System.String[]",,,"64","0","64","1000",
